Using pre-set license
Built from '2022.3/staging' branch; Version is '2022.3.13f1 (5f90a5ebde0f) revision 6262949'; Using compiler version '192829333'; Build Type 'Release'
OS: 'Windows 11  (10.0.22631) 64bit Professional' Language: 'en' Physical Memory: 32607 MB
BatchMode: 1, IsHumanControllingUs: 0, StartBugReporterOnCrash: 0, Is64bit: 1, IsPro: 1

COMMAND LINE ARGUMENTS:
D:\File_Program\2022.3.13f1\Editor\Unity.exe
-adb2
-batchMode
-noUpm
-name
AssetImportWorker3
-projectPath
D:/THESIS/Project/Project2/GapGap
-logFile
Logs/AssetImportWorker3.log
-srvPort
53648
Successfully changed project path to: D:/THESIS/Project/Project2/GapGap
D:/THESIS/Project/Project2/GapGap
[UnityMemory] Configuration Parameters - Can be set up in boot.config
    "memorysetup-bucket-allocator-granularity=16"
    "memorysetup-bucket-allocator-bucket-count=8"
    "memorysetup-bucket-allocator-block-size=33554432"
    "memorysetup-bucket-allocator-block-count=8"
    "memorysetup-main-allocator-block-size=16777216"
    "memorysetup-thread-allocator-block-size=16777216"
    "memorysetup-gfx-main-allocator-block-size=16777216"
    "memorysetup-gfx-thread-allocator-block-size=16777216"
    "memorysetup-cache-allocator-block-size=4194304"
    "memorysetup-typetree-allocator-block-size=2097152"
    "memorysetup-profiler-bucket-allocator-granularity=16"
    "memorysetup-profiler-bucket-allocator-bucket-count=8"
    "memorysetup-profiler-bucket-allocator-block-size=33554432"
    "memorysetup-profiler-bucket-allocator-block-count=8"
    "memorysetup-profiler-allocator-block-size=16777216"
    "memorysetup-profiler-editor-allocator-block-size=1048576"
    "memorysetup-temp-allocator-size-main=16777216"
    "memorysetup-job-temp-allocator-block-size=2097152"
    "memorysetup-job-temp-allocator-block-size-background=1048576"
    "memorysetup-job-temp-allocator-reduction-small-platforms=262144"
    "memorysetup-allocator-temp-initial-block-size-main=262144"
    "memorysetup-allocator-temp-initial-block-size-worker=262144"
    "memorysetup-temp-allocator-size-background-worker=32768"
    "memorysetup-temp-allocator-size-job-worker=262144"
    "memorysetup-temp-allocator-size-preload-manager=33554432"
    "memorysetup-temp-allocator-size-nav-mesh-worker=65536"
    "memorysetup-temp-allocator-size-audio-worker=65536"
    "memorysetup-temp-allocator-size-cloud-worker=32768"
    "memorysetup-temp-allocator-size-gi-baking-worker=262144"
    "memorysetup-temp-allocator-size-gfx=262144"
Player connection [35312] Host "[IP] 192.168.1.138 [Port] 0 [Flags] 2 [Guid] 1230839177 [EditorId] 1230839177 [Version] 1048832 [Id] WindowsEditor(7,DESKTOP-SROV3A8) [Debug] 1 [PackageName] WindowsEditor [ProjectName] Editor" joined multi-casting on [225.0.0.222:54997]...

Player connection [35312] Host "[IP] 192.168.1.138 [Port] 0 [Flags] 2 [Guid] 1230839177 [EditorId] 1230839177 [Version] 1048832 [Id] WindowsEditor(7,DESKTOP-SROV3A8) [Debug] 1 [PackageName] WindowsEditor [ProjectName] Editor" joined alternative multi-casting on [225.0.0.222:34997]...

[Physics::Module] Initialized MultithreadedJobDispatcher with 15 workers.
Refreshing native plugins compatible for Editor in 6.69 ms, found 4 plugins.
Preloading 0 native plugins for Editor in 0.00 ms.
Initialize engine version: 2022.3.13f1 (5f90a5ebde0f)
[Subsystems] Discovering subsystems at path D:/File_Program/2022.3.13f1/Editor/Data/Resources/UnitySubsystems
[Subsystems] Discovering subsystems at path D:/THESIS/Project/Project2/GapGap/Assets
GfxDevice: creating device client; threaded=0; jobified=0
Direct3D:
    Version:  Direct3D 11.0 [level 11.1]
    Renderer: NVIDIA GeForce RTX 2060 (ID=0x1f08)
    Vendor:   NVIDIA
    VRAM:     5954 MB
    Driver:   32.0.15.6081
Initialize mono
Mono path[0] = 'D:/File_Program/2022.3.13f1/Editor/Data/Managed'
Mono path[1] = 'D:/File_Program/2022.3.13f1/Editor/Data/MonoBleedingEdge/lib/mono/unityjit-win32'
Mono config path = 'D:/File_Program/2022.3.13f1/Editor/Data/MonoBleedingEdge/etc'
Using monoOptions --debugger-agent=transport=dt_socket,embedding=1,server=y,suspend=n,address=127.0.0.1:56908
Begin MonoManager ReloadAssembly
Registering precompiled unity dll's ...
Register platform support module: D:/File_Program/2022.3.13f1/Editor/Data/PlaybackEngines/WebGLSupport/UnityEditor.WebGL.Extensions.dll
Register platform support module: D:/File_Program/2022.3.13f1/Editor/Data/PlaybackEngines/AndroidPlayer/UnityEditor.Android.Extensions.dll
Register platform support module: D:/File_Program/2022.3.13f1/Editor/Data/PlaybackEngines/WindowsStandaloneSupport/UnityEditor.WindowsStandalone.Extensions.dll
Registered in 0.002990 seconds.
- Loaded All Assemblies, in  0.269 seconds
Native extension for WindowsStandalone target not found
Native extension for Android target not found
Android Extension - Scanning For ADB Devices 216 ms
Native extension for WebGL target not found
Mono: successfully reloaded assembly
- Finished resetting the current domain, in  0.453 seconds
Domain Reload Profiling: 722ms
	BeginReloadAssembly (87ms)
		ExecutionOrderSort (0ms)
		DisableScriptedObjects (0ms)
		BackupInstance (0ms)
		ReleaseScriptingObjects (0ms)
		CreateAndSetChildDomain (1ms)
	RebuildCommonClasses (26ms)
	RebuildNativeTypeToScriptingClass (8ms)
	initialDomainReloadingComplete (37ms)
	LoadAllAssembliesAndSetupDomain (111ms)
		LoadAssemblies (87ms)
		RebuildTransferFunctionScriptingTraits (0ms)
		AnalyzeDomain (109ms)
			TypeCache.Refresh (107ms)
				TypeCache.ScanAssembly (97ms)
			ScanForSourceGeneratedMonoScriptInfo (0ms)
			ResolveRequiredComponents (0ms)
	FinalizeReload (454ms)
		ReleaseScriptCaches (0ms)
		RebuildScriptCaches (0ms)
		SetupLoadedEditorAssemblies (411ms)
			LogAssemblyErrors (0ms)
			InitializePlatformSupportModulesInManaged (297ms)
			SetLoadedEditorAssemblies (3ms)
			RefreshPlugins (0ms)
			BeforeProcessingInitializeOnLoad (2ms)
			ProcessInitializeOnLoadAttributes (73ms)
			ProcessInitializeOnLoadMethodAttributes (36ms)
			AfterProcessingInitializeOnLoad (0ms)
			EditorAssembliesLoaded (0ms)
		ExecutionOrderSort2 (0ms)
		AwakeInstancesAfterBackupRestoration (0ms)
========================================================================
Worker process is ready to serve import requests
Begin MonoManager ReloadAssembly
- Loaded All Assemblies, in  0.458 seconds
Refreshing native plugins compatible for Editor in 2.29 ms, found 4 plugins.
Native extension for WindowsStandalone target not found
Native extension for Android target not found
Native extension for WebGL target not found
Package Manager log level set to [2]
[Package Manager] Server::EnsureServerProcessIsRunning -- launch failed, reason: Unity was launched with the -noUpm command-line argument
[Package Manager] UpmClient::Send -- Unable to send message (not connected to UPM process).
[Package Manager] Cannot connect to Unity Package Manager local server
Mono: successfully reloaded assembly
- Finished resetting the current domain, in  0.461 seconds
Domain Reload Profiling: 919ms
	BeginReloadAssembly (111ms)
		ExecutionOrderSort (0ms)
		DisableScriptedObjects (4ms)
		BackupInstance (0ms)
		ReleaseScriptingObjects (0ms)
		CreateAndSetChildDomain (17ms)
	RebuildCommonClasses (24ms)
	RebuildNativeTypeToScriptingClass (7ms)
	initialDomainReloadingComplete (27ms)
	LoadAllAssembliesAndSetupDomain (288ms)
		LoadAssemblies (223ms)
		RebuildTransferFunctionScriptingTraits (0ms)
		AnalyzeDomain (131ms)
			TypeCache.Refresh (111ms)
				TypeCache.ScanAssembly (99ms)
			ScanForSourceGeneratedMonoScriptInfo (16ms)
			ResolveRequiredComponents (3ms)
	FinalizeReload (462ms)
		ReleaseScriptCaches (0ms)
		RebuildScriptCaches (0ms)
		SetupLoadedEditorAssemblies (339ms)
			LogAssemblyErrors (0ms)
			InitializePlatformSupportModulesInManaged (18ms)
			SetLoadedEditorAssemblies (3ms)
			RefreshPlugins (0ms)
			BeforeProcessingInitializeOnLoad (45ms)
			ProcessInitializeOnLoadAttributes (238ms)
			ProcessInitializeOnLoadMethodAttributes (34ms)
			AfterProcessingInitializeOnLoad (1ms)
			EditorAssembliesLoaded (0ms)
		ExecutionOrderSort2 (0ms)
		AwakeInstancesAfterBackupRestoration (6ms)
Launched and connected shader compiler UnityShaderCompiler.exe after 0.04 seconds
Refreshing native plugins compatible for Editor in 2.82 ms, found 4 plugins.
Preloading 0 native plugins for Editor in 0.00 ms.
Unloading 4076 Unused Serialized files (Serialized files now loaded: 0)
Unloading 70 unused Assets / (244.5 KB). Loaded Objects now: 4536.
Memory consumption went from 154.6 MB to 154.4 MB.
Total: 3.547500 ms (FindLiveObjects: 0.272000 ms CreateObjectMapping: 0.226700 ms MarkObjects: 2.746000 ms  DeleteObjects: 0.300200 ms)

AssetImportParameters requested are different than current active one (requested -> active):
  custom:container-demuxer-ogg: 62fdf1f143b41e24485cea50d1cbac27 -> 
  custom:scripting/monoscript/fileName/StartDialouge.cs: 203b6831aad646f432fa8b5b32137152 -> e11b06cbb08a0e0d012dd36fbd3bda88
  custom:video-decoder-ogg-theora: a1e56fd34408186e4bbccfd4996cb3dc -> 
  custom:framework-win-MediaFoundation: 216162199b28c13a410421893ffa2e32 -> 
  custom:CustomObjectIndexerAttribute: 756ad292c208cfabdd7b50bc23989ffe -> 
  custom:container-demuxer-webm: 4f35f7cbe854078d1ac9338744f61a02 -> 
  custom:scripting/monoscript/fileName/BackToDialogue.cs: da49efe8e5b7ac554f1a3564194ae7cd -> b620cbb516f0ccafbfd8a1b308b3cb8d
  custom:scripting/monoscript/fileName/ChangeScence.cs: 3056e351f3868c4347ba9df7b60ffe31 -> 7b2d853a0dc20487c21d1eef9f277ef6
  custom:container-muxer-webm: aa71ff27fc2769a1b78a27578f13a17b -> 
  custom:video-decoder-webm-vp8: 9c59270c3fd7afecdb556c50c9e8de78 -> 
  custom:scripting/monoscript/fileName/MoveChoicePosition.cs: 6c09f4fe4c3e5e18821db779b9a8fc7e -> 28133539963eab15ba7a3a9edf31fb05
  custom:SearchIndexIgnoredProperties: e643bd26f0fe6173181afceb89e7c659 -> 
  custom:AudioImporter_EditorPlatform: d09bf68614088b80899f8185d706f6e7 -> 
  custom:scripting/monoscript/fileName/StartCenversation1.cs: 0a8aee23ba970a7e6e94b5f7eb5b8c3f -> ca6e38c0b0178ba68a5b792440e48d8b
  custom:video-encoder-webm-vp8: eb34c28f22e8b96e1ab97ce403110664 -> 
  custom:audio-decoder-ogg-vorbis: bf7c407c2cedff20999df2af8eb42d56 -> 
  custom:scripting/monoscript/fileName/TutorialUiEnable.cs: 7f69e325e4e2309f8a6c38d932a4cae5 -> 7d2c653a07c1c9da9b86417b8af7bd46
  custom:scripting/monoscript/fileName/UiEventManager.cs: 82b92a01824b994c309bfbe633bed274 -> 519c3c19316f1ddb1102b37ef008c9eb
  custom:scripting/monoscript/fileName/StartTutorialsDialogue.cs: de943caa74387616ef96928d7ca100cc -> aa3847e02df6e5c6bc1f8b96f476b76b
  custom:audio-encoder-webm-vorbis: bf7c407c2cedff20999df2af8eb42d56 -> 
========================================================================
Received Prepare
Begin MonoManager ReloadAssembly
- Loaded All Assemblies, in  0.283 seconds
Refreshing native plugins compatible for Editor in 1.63 ms, found 4 plugins.
Native extension for WindowsStandalone target not found
Native extension for Android target not found
Native extension for WebGL target not found
[Package Manager] Server::EnsureServerProcessIsRunning -- launch failed, reason: Unity was launched with the -noUpm command-line argument
[Package Manager] UpmClient::Send -- Unable to send message (not connected to UPM process).
[Package Manager] Cannot connect to Unity Package Manager local server
Mono: successfully reloaded assembly
- Finished resetting the current domain, in  0.600 seconds
Domain Reload Profiling: 883ms
	BeginReloadAssembly (107ms)
		ExecutionOrderSort (0ms)
		DisableScriptedObjects (7ms)
		BackupInstance (0ms)
		ReleaseScriptingObjects (0ms)
		CreateAndSetChildDomain (25ms)
	RebuildCommonClasses (20ms)
	RebuildNativeTypeToScriptingClass (7ms)
	initialDomainReloadingComplete (16ms)
	LoadAllAssembliesAndSetupDomain (133ms)
		LoadAssemblies (177ms)
		RebuildTransferFunctionScriptingTraits (0ms)
		AnalyzeDomain (9ms)
			TypeCache.Refresh (5ms)
				TypeCache.ScanAssembly (0ms)
			ScanForSourceGeneratedMonoScriptInfo (0ms)
			ResolveRequiredComponents (3ms)
	FinalizeReload (600ms)
		ReleaseScriptCaches (0ms)
		RebuildScriptCaches (0ms)
		SetupLoadedEditorAssemblies (298ms)
			LogAssemblyErrors (0ms)
			InitializePlatformSupportModulesInManaged (15ms)
			SetLoadedEditorAssemblies (2ms)
			RefreshPlugins (0ms)
			BeforeProcessingInitializeOnLoad (44ms)
			ProcessInitializeOnLoadAttributes (209ms)
			ProcessInitializeOnLoadMethodAttributes (25ms)
			AfterProcessingInitializeOnLoad (1ms)
			EditorAssembliesLoaded (0ms)
		ExecutionOrderSort2 (0ms)
		AwakeInstancesAfterBackupRestoration (10ms)
Refreshing native plugins compatible for Editor in 2.04 ms, found 4 plugins.
Preloading 0 native plugins for Editor in 0.00 ms.
Unloading 4057 Unused Serialized files (Serialized files now loaded: 0)
Unloading 42 unused Assets / (217.1 KB). Loaded Objects now: 4541.
Memory consumption went from 151.4 MB to 151.2 MB.
Total: 2.751900 ms (FindLiveObjects: 0.206800 ms CreateObjectMapping: 0.095300 ms MarkObjects: 2.312800 ms  DeleteObjects: 0.135700 ms)

Prepare: number of updated asset objects reloaded= 0
AssetImportParameters requested are different than current active one (requested -> active):
  custom:container-demuxer-ogg: 62fdf1f143b41e24485cea50d1cbac27 -> 
  custom:scripting/monoscript/fileName/StartDialouge.cs: 203b6831aad646f432fa8b5b32137152 -> e11b06cbb08a0e0d012dd36fbd3bda88
  custom:video-decoder-ogg-theora: a1e56fd34408186e4bbccfd4996cb3dc -> 
  custom:framework-win-MediaFoundation: 216162199b28c13a410421893ffa2e32 -> 
  custom:CustomObjectIndexerAttribute: 756ad292c208cfabdd7b50bc23989ffe -> 
  custom:container-demuxer-webm: 4f35f7cbe854078d1ac9338744f61a02 -> 
  custom:scripting/monoscript/fileName/BackToDialogue.cs: da49efe8e5b7ac554f1a3564194ae7cd -> b620cbb516f0ccafbfd8a1b308b3cb8d
  custom:scripting/monoscript/fileName/ChangeScence.cs: 3056e351f3868c4347ba9df7b60ffe31 -> 7b2d853a0dc20487c21d1eef9f277ef6
  custom:container-muxer-webm: aa71ff27fc2769a1b78a27578f13a17b -> 
  custom:video-decoder-webm-vp8: 9c59270c3fd7afecdb556c50c9e8de78 -> 
  custom:scripting/monoscript/fileName/MoveChoicePosition.cs: 6c09f4fe4c3e5e18821db779b9a8fc7e -> 28133539963eab15ba7a3a9edf31fb05
  custom:SearchIndexIgnoredProperties: e643bd26f0fe6173181afceb89e7c659 -> 
  custom:AudioImporter_EditorPlatform: d09bf68614088b80899f8185d706f6e7 -> 
  custom:scripting/monoscript/fileName/StartCenversation1.cs: 0a8aee23ba970a7e6e94b5f7eb5b8c3f -> ca6e38c0b0178ba68a5b792440e48d8b
  custom:video-encoder-webm-vp8: eb34c28f22e8b96e1ab97ce403110664 -> 
  custom:audio-decoder-ogg-vorbis: bf7c407c2cedff20999df2af8eb42d56 -> 
  custom:scripting/monoscript/fileName/TutorialUiEnable.cs: 7f69e325e4e2309f8a6c38d932a4cae5 -> 7d2c653a07c1c9da9b86417b8af7bd46
  custom:scripting/monoscript/fileName/UiEventManager.cs: 82b92a01824b994c309bfbe633bed274 -> 519c3c19316f1ddb1102b37ef008c9eb
  custom:scripting/monoscript/fileName/StartTutorialsDialogue.cs: de943caa74387616ef96928d7ca100cc -> aa3847e02df6e5c6bc1f8b96f476b76b
  custom:audio-encoder-webm-vorbis: bf7c407c2cedff20999df2af8eb42d56 -> 
========================================================================
Received Import Request.
  Time since last request: 1827591.292540 seconds.
  path: Assets/Asset/House/Slice 2.png
  artifactKey: Guid(7d24ca37c1cdf024c94f665846a50aa9) Importer(815301076,1909f56bfc062723c751e8b465ee728b)
Start importing Assets/Asset/House/Slice 2.png using Guid(7d24ca37c1cdf024c94f665846a50aa9) Importer(815301076,1909f56bfc062723c751e8b465ee728b)  -> (artifact id: '395b5bcec84b662af1ffe0eca6543452') in 0.059815 seconds
Number of updated asset objects reloaded before import = 0
Number of asset objects unloaded after import = 3
========================================================================
Received Import Request.
  Time since last request: 0.000024 seconds.
  path: Assets/Asset/House/Slice 8.png
  artifactKey: Guid(d1e1e1c483129804da942c5605a2cb82) Importer(815301076,1909f56bfc062723c751e8b465ee728b)
Start importing Assets/Asset/House/Slice 8.png using Guid(d1e1e1c483129804da942c5605a2cb82) Importer(815301076,1909f56bfc062723c751e8b465ee728b)  -> (artifact id: '8bee8311c68f5ae29e0536d2201fb239') in 0.015436 seconds
Number of updated asset objects reloaded before import = 0
Number of asset objects unloaded after import = 3
========================================================================
Received Import Request.
  Time since last request: 0.000015 seconds.
  path: Assets/Asset/House/Slice 7.png
  artifactKey: Guid(99f223f7bb2497a40b6e117cddd1b720) Importer(815301076,1909f56bfc062723c751e8b465ee728b)
Start importing Assets/Asset/House/Slice 7.png using Guid(99f223f7bb2497a40b6e117cddd1b720) Importer(815301076,1909f56bfc062723c751e8b465ee728b)  -> (artifact id: 'b8fddb0e7e2cc6538ce184be17046eaa') in 0.016148 seconds
Number of updated asset objects reloaded before import = 0
Number of asset objects unloaded after import = 3
========================================================================
Received Import Request.
  Time since last request: 0.000012 seconds.
  path: Assets/Asset/House/Slice 16.png
  artifactKey: Guid(100e611af65120c4c8f25b687aecbbab) Importer(815301076,1909f56bfc062723c751e8b465ee728b)
Start importing Assets/Asset/House/Slice 16.png using Guid(100e611af65120c4c8f25b687aecbbab) Importer(815301076,1909f56bfc062723c751e8b465ee728b)  -> (artifact id: '95484eb6b609f0f89d8d8eb0ca2b239b') in 0.015689 seconds
Number of updated asset objects reloaded before import = 0
Number of asset objects unloaded after import = 3
========================================================================
Received Import Request.
  Time since last request: 0.000014 seconds.
  path: Assets/Asset/House/Slice 23.png
  artifactKey: Guid(acfbdba2b72e199418e386433a17b984) Importer(815301076,1909f56bfc062723c751e8b465ee728b)
Start importing Assets/Asset/House/Slice 23.png using Guid(acfbdba2b72e199418e386433a17b984) Importer(815301076,1909f56bfc062723c751e8b465ee728b)  -> (artifact id: 'eb03caf8d059f4c7105a8db4c1151fb6') in 0.016048 seconds
Number of updated asset objects reloaded before import = 0
Number of asset objects unloaded after import = 3
========================================================================
Received Import Request.
  Time since last request: 0.000025 seconds.
  path: Assets/Asset/House/Slice 11.png
  artifactKey: Guid(cbe1c427e387047438d867997b54324e) Importer(815301076,1909f56bfc062723c751e8b465ee728b)
Start importing Assets/Asset/House/Slice 11.png using Guid(cbe1c427e387047438d867997b54324e) Importer(815301076,1909f56bfc062723c751e8b465ee728b)  -> (artifact id: '8066652420d6daaed40d6b3987f76831') in 0.015445 seconds
Number of updated asset objects reloaded before import = 0
Number of asset objects unloaded after import = 3
========================================================================
Received Import Request.
  Time since last request: 0.000015 seconds.
  path: Assets/Asset/House/Slice 6.png
  artifactKey: Guid(58584f49a21d8414b89cef12df96df94) Importer(815301076,1909f56bfc062723c751e8b465ee728b)
Start importing Assets/Asset/House/Slice 6.png using Guid(58584f49a21d8414b89cef12df96df94) Importer(815301076,1909f56bfc062723c751e8b465ee728b)  -> (artifact id: 'd24247ebf3f4e99bdb3018e16dc9db1d') in 0.016835 seconds
Number of updated asset objects reloaded before import = 0
Number of asset objects unloaded after import = 3
========================================================================
Received Import Request.
  Time since last request: 0.000014 seconds.
  path: Assets/Asset/House/Slice 14.png
  artifactKey: Guid(a99ae4c138135134d809fc6008e3f0ac) Importer(815301076,1909f56bfc062723c751e8b465ee728b)
Start importing Assets/Asset/House/Slice 14.png using Guid(a99ae4c138135134d809fc6008e3f0ac) Importer(815301076,1909f56bfc062723c751e8b465ee728b)  -> (artifact id: '98c5073ddb9594f9ca732872a597b638') in 0.018760 seconds
Number of updated asset objects reloaded before import = 0
Number of asset objects unloaded after import = 3
========================================================================
Received Import Request.
  Time since last request: 0.000012 seconds.
  path: Assets/Asset/House/Slice 15.png
  artifactKey: Guid(76f6f79816d255c478fce8ebba78e142) Importer(815301076,1909f56bfc062723c751e8b465ee728b)
Start importing Assets/Asset/House/Slice 15.png using Guid(76f6f79816d255c478fce8ebba78e142) Importer(815301076,1909f56bfc062723c751e8b465ee728b)  -> (artifact id: '427e8cca04747d42943bbf8639e75d86') in 0.011165 seconds
Number of updated asset objects reloaded before import = 0
Number of asset objects unloaded after import = 3
========================================================================
Received Import Request.
  Time since last request: 0.000015 seconds.
  path: Assets/Asset/House/Slice 13.png
  artifactKey: Guid(635bb113d0bdab74cba1ce03caf120b5) Importer(815301076,1909f56bfc062723c751e8b465ee728b)
Start importing Assets/Asset/House/Slice 13.png using Guid(635bb113d0bdab74cba1ce03caf120b5) Importer(815301076,1909f56bfc062723c751e8b465ee728b)  -> (artifact id: 'a37941bd49a11fa77c0e367b049f2421') in 0.007932 seconds
Number of updated asset objects reloaded before import = 0
Number of asset objects unloaded after import = 3
Editor requested this worker to shutdown with reason: Scaling down because of idle timeout
TcpMessagingSession - receive error: operation aborted. errorcode: 995, details: The I/O operation has been aborted because of either a thread exit or an application request.
AssetImportWorker is now disconnected from the server
Process exiting
Exiting without the bug reporter. Application will terminate with return code 0