Using pre-set license
Built from '2022.3/staging' branch; Version is '2022.3.13f1 (5f90a5ebde0f) revision 6262949'; Using compiler version '192829333'; Build Type 'Release'
OS: 'Windows 11  (10.0.22631) 64bit Professional' Language: 'en' Physical Memory: 32607 MB
BatchMode: 1, IsHumanControllingUs: 0, StartBugReporterOnCrash: 0, Is64bit: 1, IsPro: 1

COMMAND LINE ARGUMENTS:
D:\File_Program\2022.3.13f1\Editor\Unity.exe
-adb2
-batchMode
-noUpm
-name
AssetImportWorker4
-projectPath
D:/THESIS/Project/Project2/GapGap
-logFile
Logs/AssetImportWorker4.log
-srvPort
53648
Successfully changed project path to: D:/THESIS/Project/Project2/GapGap
D:/THESIS/Project/Project2/GapGap
[UnityMemory] Configuration Parameters - Can be set up in boot.config
    "memorysetup-bucket-allocator-granularity=16"
    "memorysetup-bucket-allocator-bucket-count=8"
    "memorysetup-bucket-allocator-block-size=33554432"
    "memorysetup-bucket-allocator-block-count=8"
    "memorysetup-main-allocator-block-size=16777216"
    "memorysetup-thread-allocator-block-size=16777216"
    "memorysetup-gfx-main-allocator-block-size=16777216"
    "memorysetup-gfx-thread-allocator-block-size=16777216"
    "memorysetup-cache-allocator-block-size=4194304"
    "memorysetup-typetree-allocator-block-size=2097152"
    "memorysetup-profiler-bucket-allocator-granularity=16"
    "memorysetup-profiler-bucket-allocator-bucket-count=8"
    "memorysetup-profiler-bucket-allocator-block-size=33554432"
    "memorysetup-profiler-bucket-allocator-block-count=8"
    "memorysetup-profiler-allocator-block-size=16777216"
    "memorysetup-profiler-editor-allocator-block-size=1048576"
    "memorysetup-temp-allocator-size-main=16777216"
    "memorysetup-job-temp-allocator-block-size=2097152"
    "memorysetup-job-temp-allocator-block-size-background=1048576"
    "memorysetup-job-temp-allocator-reduction-small-platforms=262144"
    "memorysetup-allocator-temp-initial-block-size-main=262144"
    "memorysetup-allocator-temp-initial-block-size-worker=262144"
    "memorysetup-temp-allocator-size-background-worker=32768"
    "memorysetup-temp-allocator-size-job-worker=262144"
    "memorysetup-temp-allocator-size-preload-manager=33554432"
    "memorysetup-temp-allocator-size-nav-mesh-worker=65536"
    "memorysetup-temp-allocator-size-audio-worker=65536"
    "memorysetup-temp-allocator-size-cloud-worker=32768"
    "memorysetup-temp-allocator-size-gi-baking-worker=262144"
    "memorysetup-temp-allocator-size-gfx=262144"
Player connection [14236] Host "[IP] 192.168.1.138 [Port] 0 [Flags] 2 [Guid] 1366282136 [EditorId] 1366282136 [Version] 1048832 [Id] WindowsEditor(7,DESKTOP-SROV3A8) [Debug] 1 [PackageName] WindowsEditor [ProjectName] Editor" joined multi-casting on [225.0.0.222:54997]...

Player connection [14236] Host "[IP] 192.168.1.138 [Port] 0 [Flags] 2 [Guid] 1366282136 [EditorId] 1366282136 [Version] 1048832 [Id] WindowsEditor(7,DESKTOP-SROV3A8) [Debug] 1 [PackageName] WindowsEditor [ProjectName] Editor" joined alternative multi-casting on [225.0.0.222:34997]...

[Physics::Module] Initialized MultithreadedJobDispatcher with 15 workers.
Refreshing native plugins compatible for Editor in 6.12 ms, found 4 plugins.
Preloading 0 native plugins for Editor in 0.00 ms.
Initialize engine version: 2022.3.13f1 (5f90a5ebde0f)
[Subsystems] Discovering subsystems at path D:/File_Program/2022.3.13f1/Editor/Data/Resources/UnitySubsystems
[Subsystems] Discovering subsystems at path D:/THESIS/Project/Project2/GapGap/Assets
GfxDevice: creating device client; threaded=0; jobified=0
Direct3D:
    Version:  Direct3D 11.0 [level 11.1]
    Renderer: NVIDIA GeForce RTX 2060 (ID=0x1f08)
    Vendor:   NVIDIA
    VRAM:     5954 MB
    Driver:   32.0.15.6081
Initialize mono
Mono path[0] = 'D:/File_Program/2022.3.13f1/Editor/Data/Managed'
Mono path[1] = 'D:/File_Program/2022.3.13f1/Editor/Data/MonoBleedingEdge/lib/mono/unityjit-win32'
Mono config path = 'D:/File_Program/2022.3.13f1/Editor/Data/MonoBleedingEdge/etc'
Using monoOptions --debugger-agent=transport=dt_socket,embedding=1,server=y,suspend=n,address=127.0.0.1:56544
Begin MonoManager ReloadAssembly
Registering precompiled unity dll's ...
Register platform support module: D:/File_Program/2022.3.13f1/Editor/Data/PlaybackEngines/WebGLSupport/UnityEditor.WebGL.Extensions.dll
Register platform support module: D:/File_Program/2022.3.13f1/Editor/Data/PlaybackEngines/AndroidPlayer/UnityEditor.Android.Extensions.dll
Register platform support module: D:/File_Program/2022.3.13f1/Editor/Data/PlaybackEngines/WindowsStandaloneSupport/UnityEditor.WindowsStandalone.Extensions.dll
Registered in 0.003228 seconds.
- Loaded All Assemblies, in  0.224 seconds
Native extension for WindowsStandalone target not found
Native extension for Android target not found
Android Extension - Scanning For ADB Devices 211 ms
Native extension for WebGL target not found
Mono: successfully reloaded assembly
- Finished resetting the current domain, in  0.412 seconds
Domain Reload Profiling: 637ms
	BeginReloadAssembly (72ms)
		ExecutionOrderSort (0ms)
		DisableScriptedObjects (0ms)
		BackupInstance (0ms)
		ReleaseScriptingObjects (0ms)
		CreateAndSetChildDomain (0ms)
	RebuildCommonClasses (21ms)
	RebuildNativeTypeToScriptingClass (6ms)
	initialDomainReloadingComplete (32ms)
	LoadAllAssembliesAndSetupDomain (92ms)
		LoadAssemblies (72ms)
		RebuildTransferFunctionScriptingTraits (0ms)
		AnalyzeDomain (90ms)
			TypeCache.Refresh (89ms)
				TypeCache.ScanAssembly (81ms)
			ScanForSourceGeneratedMonoScriptInfo (0ms)
			ResolveRequiredComponents (0ms)
	FinalizeReload (413ms)
		ReleaseScriptCaches (0ms)
		RebuildScriptCaches (0ms)
		SetupLoadedEditorAssemblies (376ms)
			LogAssemblyErrors (0ms)
			InitializePlatformSupportModulesInManaged (283ms)
			SetLoadedEditorAssemblies (2ms)
			RefreshPlugins (0ms)
			BeforeProcessingInitializeOnLoad (1ms)
			ProcessInitializeOnLoadAttributes (60ms)
			ProcessInitializeOnLoadMethodAttributes (29ms)
			AfterProcessingInitializeOnLoad (0ms)
			EditorAssembliesLoaded (0ms)
		ExecutionOrderSort2 (0ms)
		AwakeInstancesAfterBackupRestoration (0ms)
========================================================================
Worker process is ready to serve import requests
Begin MonoManager ReloadAssembly
- Loaded All Assemblies, in  0.391 seconds
Refreshing native plugins compatible for Editor in 1.87 ms, found 4 plugins.
Native extension for WindowsStandalone target not found
Native extension for Android target not found
Native extension for WebGL target not found
Package Manager log level set to [2]
[Package Manager] Server::EnsureServerProcessIsRunning -- launch failed, reason: Unity was launched with the -noUpm command-line argument
[Package Manager] UpmClient::Send -- Unable to send message (not connected to UPM process).
[Package Manager] Cannot connect to Unity Package Manager local server
Mono: successfully reloaded assembly
- Finished resetting the current domain, in  0.382 seconds
Domain Reload Profiling: 773ms
	BeginReloadAssembly (92ms)
		ExecutionOrderSort (0ms)
		DisableScriptedObjects (3ms)
		BackupInstance (0ms)
		ReleaseScriptingObjects (0ms)
		CreateAndSetChildDomain (14ms)
	RebuildCommonClasses (22ms)
	RebuildNativeTypeToScriptingClass (7ms)
	initialDomainReloadingComplete (24ms)
	LoadAllAssembliesAndSetupDomain (246ms)
		LoadAssemblies (186ms)
		RebuildTransferFunctionScriptingTraits (0ms)
		AnalyzeDomain (114ms)
			TypeCache.Refresh (97ms)
				TypeCache.ScanAssembly (85ms)
			ScanForSourceGeneratedMonoScriptInfo (13ms)
			ResolveRequiredComponents (3ms)
	FinalizeReload (382ms)
		ReleaseScriptCaches (0ms)
		RebuildScriptCaches (0ms)
		SetupLoadedEditorAssemblies (282ms)
			LogAssemblyErrors (0ms)
			InitializePlatformSupportModulesInManaged (16ms)
			SetLoadedEditorAssemblies (2ms)
			RefreshPlugins (0ms)
			BeforeProcessingInitializeOnLoad (39ms)
			ProcessInitializeOnLoadAttributes (199ms)
			ProcessInitializeOnLoadMethodAttributes (24ms)
			AfterProcessingInitializeOnLoad (1ms)
			EditorAssembliesLoaded (0ms)
		ExecutionOrderSort2 (0ms)
		AwakeInstancesAfterBackupRestoration (4ms)
Launched and connected shader compiler UnityShaderCompiler.exe after 0.05 seconds
Refreshing native plugins compatible for Editor in 1.55 ms, found 4 plugins.
Preloading 0 native plugins for Editor in 0.00 ms.
Unloading 4076 Unused Serialized files (Serialized files now loaded: 0)
Unloading 70 unused Assets / (244.2 KB). Loaded Objects now: 4536.
Memory consumption went from 154.7 MB to 154.4 MB.
Total: 2.294000 ms (FindLiveObjects: 0.182500 ms CreateObjectMapping: 0.099700 ms MarkObjects: 1.860500 ms  DeleteObjects: 0.150500 ms)

AssetImportParameters requested are different than current active one (requested -> active):
  custom:container-demuxer-ogg: 62fdf1f143b41e24485cea50d1cbac27 -> 
  custom:scripting/monoscript/fileName/StartDialouge.cs: 203b6831aad646f432fa8b5b32137152 -> e11b06cbb08a0e0d012dd36fbd3bda88
  custom:video-decoder-ogg-theora: a1e56fd34408186e4bbccfd4996cb3dc -> 
  custom:framework-win-MediaFoundation: 216162199b28c13a410421893ffa2e32 -> 
  custom:CustomObjectIndexerAttribute: 756ad292c208cfabdd7b50bc23989ffe -> 
  custom:container-demuxer-webm: 4f35f7cbe854078d1ac9338744f61a02 -> 
  custom:scripting/monoscript/fileName/BackToDialogue.cs: da49efe8e5b7ac554f1a3564194ae7cd -> b620cbb516f0ccafbfd8a1b308b3cb8d
  custom:scripting/monoscript/fileName/ChangeScence.cs: 3056e351f3868c4347ba9df7b60ffe31 -> 7b2d853a0dc20487c21d1eef9f277ef6
  custom:container-muxer-webm: aa71ff27fc2769a1b78a27578f13a17b -> 
  custom:video-decoder-webm-vp8: 9c59270c3fd7afecdb556c50c9e8de78 -> 
  custom:scripting/monoscript/fileName/MoveChoicePosition.cs: 6c09f4fe4c3e5e18821db779b9a8fc7e -> 28133539963eab15ba7a3a9edf31fb05
  custom:SearchIndexIgnoredProperties: e643bd26f0fe6173181afceb89e7c659 -> 
  custom:AudioImporter_EditorPlatform: d09bf68614088b80899f8185d706f6e7 -> 
  custom:scripting/monoscript/fileName/StartCenversation1.cs: 0a8aee23ba970a7e6e94b5f7eb5b8c3f -> ca6e38c0b0178ba68a5b792440e48d8b
  custom:video-encoder-webm-vp8: eb34c28f22e8b96e1ab97ce403110664 -> 
  custom:audio-decoder-ogg-vorbis: bf7c407c2cedff20999df2af8eb42d56 -> 
  custom:scripting/monoscript/fileName/TutorialUiEnable.cs: 7f69e325e4e2309f8a6c38d932a4cae5 -> 7d2c653a07c1c9da9b86417b8af7bd46
  custom:scripting/monoscript/fileName/UiEventManager.cs: 82b92a01824b994c309bfbe633bed274 -> 519c3c19316f1ddb1102b37ef008c9eb
  custom:scripting/monoscript/fileName/StartTutorialsDialogue.cs: de943caa74387616ef96928d7ca100cc -> aa3847e02df6e5c6bc1f8b96f476b76b
  custom:audio-encoder-webm-vorbis: bf7c407c2cedff20999df2af8eb42d56 -> 
========================================================================
Received Prepare
Begin MonoManager ReloadAssembly
- Loaded All Assemblies, in  0.301 seconds
Refreshing native plugins compatible for Editor in 1.74 ms, found 4 plugins.
Native extension for WindowsStandalone target not found
Native extension for Android target not found
Native extension for WebGL target not found
[Package Manager] Server::EnsureServerProcessIsRunning -- launch failed, reason: Unity was launched with the -noUpm command-line argument
[Package Manager] UpmClient::Send -- Unable to send message (not connected to UPM process).
[Package Manager] Cannot connect to Unity Package Manager local server
Mono: successfully reloaded assembly
- Finished resetting the current domain, in  0.586 seconds
Domain Reload Profiling: 887ms
	BeginReloadAssembly (112ms)
		ExecutionOrderSort (0ms)
		DisableScriptedObjects (8ms)
		BackupInstance (0ms)
		ReleaseScriptingObjects (0ms)
		CreateAndSetChildDomain (27ms)
	RebuildCommonClasses (25ms)
	RebuildNativeTypeToScriptingClass (12ms)
	initialDomainReloadingComplete (20ms)
	LoadAllAssembliesAndSetupDomain (132ms)
		LoadAssemblies (178ms)
		RebuildTransferFunctionScriptingTraits (0ms)
		AnalyzeDomain (10ms)
			TypeCache.Refresh (5ms)
				TypeCache.ScanAssembly (0ms)
			ScanForSourceGeneratedMonoScriptInfo (0ms)
			ResolveRequiredComponents (4ms)
	FinalizeReload (586ms)
		ReleaseScriptCaches (0ms)
		RebuildScriptCaches (0ms)
		SetupLoadedEditorAssemblies (306ms)
			LogAssemblyErrors (0ms)
			InitializePlatformSupportModulesInManaged (14ms)
			SetLoadedEditorAssemblies (2ms)
			RefreshPlugins (0ms)
			BeforeProcessingInitializeOnLoad (46ms)
			ProcessInitializeOnLoadAttributes (218ms)
			ProcessInitializeOnLoadMethodAttributes (24ms)
			AfterProcessingInitializeOnLoad (2ms)
			EditorAssembliesLoaded (0ms)
		ExecutionOrderSort2 (0ms)
		AwakeInstancesAfterBackupRestoration (10ms)
Refreshing native plugins compatible for Editor in 2.43 ms, found 4 plugins.
Preloading 0 native plugins for Editor in 0.00 ms.
Unloading 4057 Unused Serialized files (Serialized files now loaded: 0)
Unloading 42 unused Assets / (216.9 KB). Loaded Objects now: 4541.
Memory consumption went from 151.4 MB to 151.2 MB.
Total: 2.330100 ms (FindLiveObjects: 0.171700 ms CreateObjectMapping: 0.087100 ms MarkObjects: 1.941800 ms  DeleteObjects: 0.128600 ms)

Prepare: number of updated asset objects reloaded= 0
AssetImportParameters requested are different than current active one (requested -> active):
  custom:container-demuxer-ogg: 62fdf1f143b41e24485cea50d1cbac27 -> 
  custom:scripting/monoscript/fileName/StartDialouge.cs: 203b6831aad646f432fa8b5b32137152 -> e11b06cbb08a0e0d012dd36fbd3bda88
  custom:video-decoder-ogg-theora: a1e56fd34408186e4bbccfd4996cb3dc -> 
  custom:framework-win-MediaFoundation: 216162199b28c13a410421893ffa2e32 -> 
  custom:CustomObjectIndexerAttribute: 756ad292c208cfabdd7b50bc23989ffe -> 
  custom:container-demuxer-webm: 4f35f7cbe854078d1ac9338744f61a02 -> 
  custom:scripting/monoscript/fileName/BackToDialogue.cs: da49efe8e5b7ac554f1a3564194ae7cd -> b620cbb516f0ccafbfd8a1b308b3cb8d
  custom:scripting/monoscript/fileName/ChangeScence.cs: 3056e351f3868c4347ba9df7b60ffe31 -> 7b2d853a0dc20487c21d1eef9f277ef6
  custom:container-muxer-webm: aa71ff27fc2769a1b78a27578f13a17b -> 
  custom:video-decoder-webm-vp8: 9c59270c3fd7afecdb556c50c9e8de78 -> 
  custom:scripting/monoscript/fileName/MoveChoicePosition.cs: 6c09f4fe4c3e5e18821db779b9a8fc7e -> 28133539963eab15ba7a3a9edf31fb05
  custom:SearchIndexIgnoredProperties: e643bd26f0fe6173181afceb89e7c659 -> 
  custom:AudioImporter_EditorPlatform: d09bf68614088b80899f8185d706f6e7 -> 
  custom:scripting/monoscript/fileName/StartCenversation1.cs: 0a8aee23ba970a7e6e94b5f7eb5b8c3f -> ca6e38c0b0178ba68a5b792440e48d8b
  custom:video-encoder-webm-vp8: eb34c28f22e8b96e1ab97ce403110664 -> 
  custom:audio-decoder-ogg-vorbis: bf7c407c2cedff20999df2af8eb42d56 -> 
  custom:scripting/monoscript/fileName/TutorialUiEnable.cs: 7f69e325e4e2309f8a6c38d932a4cae5 -> 7d2c653a07c1c9da9b86417b8af7bd46
  custom:scripting/monoscript/fileName/UiEventManager.cs: 82b92a01824b994c309bfbe633bed274 -> 519c3c19316f1ddb1102b37ef008c9eb
  custom:scripting/monoscript/fileName/StartTutorialsDialogue.cs: de943caa74387616ef96928d7ca100cc -> aa3847e02df6e5c6bc1f8b96f476b76b
  custom:audio-encoder-webm-vorbis: bf7c407c2cedff20999df2af8eb42d56 -> 
========================================================================
Received Import Request.
  Time since last request: 1827888.933859 seconds.
  path: Assets/Asset/House/World of Solaria Rural Village Interiors Update 02 DEMO
  artifactKey: Guid(2049dfe61328a2e43ad3c8f066f11a0a) Importer(815301076,1909f56bfc062723c751e8b465ee728b)
Start importing Assets/Asset/House/World of Solaria Rural Village Interiors Update 02 DEMO using Guid(2049dfe61328a2e43ad3c8f066f11a0a) Importer(815301076,1909f56bfc062723c751e8b465ee728b)  -> (artifact id: '33dafb4071db7dfd72bb68e23cd4e707') in 0.002886 seconds
Number of updated asset objects reloaded before import = 0
Number of asset objects unloaded after import = 0
========================================================================
Received Import Request.
  Time since last request: 0.064567 seconds.
  path: Assets/Asset/House/World of Solaria Rural Village Interiors Update 02 DEMO/World of Solaria Interiors New Style DEMO.aseprite
  artifactKey: Guid(126ca1071f8c0d94d8a4c23f2cd6e3f6) Importer(815301076,1909f56bfc062723c751e8b465ee728b)
Start importing Assets/Asset/House/World of Solaria Rural Village Interiors Update 02 DEMO/World of Solaria Interiors New Style DEMO.aseprite using Guid(126ca1071f8c0d94d8a4c23f2cd6e3f6) Importer(815301076,1909f56bfc062723c751e8b465ee728b)  -> (artifact id: '1f2f4faa567f42bca6405b0e218878c1') in 0.093800 seconds
Number of updated asset objects reloaded before import = 0
Number of asset objects unloaded after import = 7
========================================================================
Received Import Request.
  Time since last request: 11.431118 seconds.
  path: Assets/Asset/House/World of Solaria Rural Village Interiors Update 02 DEMO/World of Solaria Interiors New Style DEMO.png
  artifactKey: Guid(93ca62f01ce528c419f91154a1de601b) Importer(815301076,1909f56bfc062723c751e8b465ee728b)
Start importing Assets/Asset/House/World of Solaria Rural Village Interiors Update 02 DEMO/World of Solaria Interiors New Style DEMO.png using Guid(93ca62f01ce528c419f91154a1de601b) Importer(815301076,1909f56bfc062723c751e8b465ee728b)  -> (artifact id: '85385257e7a854aa76405589900412a3') in 0.013830 seconds
Number of updated asset objects reloaded before import = 0
Number of asset objects unloaded after import = 2
========================================================================
Received Import Request.
  Time since last request: 183.537048 seconds.
  path: Assets/Asset/House/School_A5.png
  artifactKey: Guid(2acb2d2e439e90a468e3357c2bd787cc) Importer(815301076,1909f56bfc062723c751e8b465ee728b)
Start importing Assets/Asset/House/School_A5.png using Guid(2acb2d2e439e90a468e3357c2bd787cc) Importer(815301076,1909f56bfc062723c751e8b465ee728b)  -> (artifact id: '57ccd0cda9d661493cd88211142068c6') in 0.029434 seconds
Number of updated asset objects reloaded before import = 0
Number of asset objects unloaded after import = 3
========================================================================
Received Import Request.
  Time since last request: 3.969237 seconds.
  path: Assets/Asset/House/School_A5.png
  artifactKey: Guid(2acb2d2e439e90a468e3357c2bd787cc) Importer(815301076,1909f56bfc062723c751e8b465ee728b)
Start importing Assets/Asset/House/School_A5.png using Guid(2acb2d2e439e90a468e3357c2bd787cc) Importer(815301076,1909f56bfc062723c751e8b465ee728b)  -> (artifact id: 'b106ab381961d1e39b34874aaf52f964') in 0.013119 seconds
Number of updated asset objects reloaded before import = 0
Number of asset objects unloaded after import = 2
========================================================================
Received Import Request.
  Time since last request: 27.952509 seconds.
  path: Assets/Asset/House/School_A5.png
  artifactKey: Guid(2acb2d2e439e90a468e3357c2bd787cc) Importer(815301076,1909f56bfc062723c751e8b465ee728b)
Start importing Assets/Asset/House/School_A5.png using Guid(2acb2d2e439e90a468e3357c2bd787cc) Importer(815301076,1909f56bfc062723c751e8b465ee728b)  -> (artifact id: '20c9e847258ef7236540e49e5d71f61a') in 0.041453 seconds
Number of updated asset objects reloaded before import = 0
Number of asset objects unloaded after import = 6
========================================================================
Received Import Request.
  Time since last request: 53.060329 seconds.
  path: Assets/Asset/House/School_A5.png
  artifactKey: Guid(2acb2d2e439e90a468e3357c2bd787cc) Importer(815301076,1909f56bfc062723c751e8b465ee728b)
Start importing Assets/Asset/House/School_A5.png using Guid(2acb2d2e439e90a468e3357c2bd787cc) Importer(815301076,1909f56bfc062723c751e8b465ee728b)  -> (artifact id: '9cee77abfd0ddbe10feb7d88e375ee83') in 0.021538 seconds
Number of updated asset objects reloaded before import = 0
Number of asset objects unloaded after import = 6
========================================================================
Received Import Request.
  Time since last request: 6.908348 seconds.
  path: Assets/Asset/House/School_A5.png
  artifactKey: Guid(2acb2d2e439e90a468e3357c2bd787cc) Importer(815301076,1909f56bfc062723c751e8b465ee728b)
Start importing Assets/Asset/House/School_A5.png using Guid(2acb2d2e439e90a468e3357c2bd787cc) Importer(815301076,1909f56bfc062723c751e8b465ee728b)  -> (artifact id: '03104440eaba95d8086e32bf51318bb1') in 0.029636 seconds
Number of updated asset objects reloaded before import = 0
Number of asset objects unloaded after import = 6
========================================================================
Received Import Request.
  Time since last request: 78.144634 seconds.
  path: Assets/Asset/House/School_A5.png
  artifactKey: Guid(2acb2d2e439e90a468e3357c2bd787cc) Importer(815301076,1909f56bfc062723c751e8b465ee728b)
Start importing Assets/Asset/House/School_A5.png using Guid(2acb2d2e439e90a468e3357c2bd787cc) Importer(815301076,1909f56bfc062723c751e8b465ee728b)  -> (artifact id: '39aac7c7e4ba91a5af6ae17836cfaf6d') in 0.076477 seconds
Number of updated asset objects reloaded before import = 0
Number of asset objects unloaded after import = 10
========================================================================
Received Import Request.
  Time since last request: 20.633050 seconds.
  path: Assets/Asset/House/School_A5.png
  artifactKey: Guid(2acb2d2e439e90a468e3357c2bd787cc) Importer(815301076,1909f56bfc062723c751e8b465ee728b)
Start importing Assets/Asset/House/School_A5.png using Guid(2acb2d2e439e90a468e3357c2bd787cc) Importer(815301076,1909f56bfc062723c751e8b465ee728b)  -> (artifact id: '9a59c6368efaf045f1362344ca8e01ad') in 0.068741 seconds
Number of updated asset objects reloaded before import = 0
Number of asset objects unloaded after import = 10
========================================================================
Received Import Request.
  Time since last request: 3.966273 seconds.
  path: Assets/Asset/House/School_A5.png
  artifactKey: Guid(2acb2d2e439e90a468e3357c2bd787cc) Importer(815301076,1909f56bfc062723c751e8b465ee728b)
Start importing Assets/Asset/House/School_A5.png using Guid(2acb2d2e439e90a468e3357c2bd787cc) Importer(815301076,1909f56bfc062723c751e8b465ee728b)  -> (artifact id: '419d10978ab60bb28dea6583ebf5b158') in 0.061594 seconds
Number of updated asset objects reloaded before import = 0
Number of asset objects unloaded after import = 10
========================================================================
Received Import Request.
  Time since last request: 83.476695 seconds.
  path: Assets/Asset/House/School_A4.png
  artifactKey: Guid(cf599888eebaca54aa37135f17593556) Importer(815301076,1909f56bfc062723c751e8b465ee728b)
Start importing Assets/Asset/House/School_A4.png using Guid(cf599888eebaca54aa37135f17593556) Importer(815301076,1909f56bfc062723c751e8b465ee728b)  -> (artifact id: 'c83f157a61b6852581eacafc816c1427') in 0.022051 seconds
Number of updated asset objects reloaded before import = 0
Number of asset objects unloaded after import = 3
========================================================================
Received Import Request.
  Time since last request: 8.983450 seconds.
  path: Assets/Asset/House/School_A4.png
  artifactKey: Guid(cf599888eebaca54aa37135f17593556) Importer(815301076,1909f56bfc062723c751e8b465ee728b)
Start importing Assets/Asset/House/School_A4.png using Guid(cf599888eebaca54aa37135f17593556) Importer(815301076,1909f56bfc062723c751e8b465ee728b)  -> (artifact id: '77719bff74ac9e8cb7948679746878dc') in 0.010996 seconds
Number of updated asset objects reloaded before import = 0
Number of asset objects unloaded after import = 2
========================================================================
Received Import Request.
  Time since last request: 86.764885 seconds.
  path: Assets/Asset/House/School_A4.png
  artifactKey: Guid(cf599888eebaca54aa37135f17593556) Importer(815301076,1909f56bfc062723c751e8b465ee728b)
Start importing Assets/Asset/House/School_A4.png using Guid(cf599888eebaca54aa37135f17593556) Importer(815301076,1909f56bfc062723c751e8b465ee728b)  -> (artifact id: '0d19e3e37d077ef5f1b2692d3e5f6b33') in 0.098972 seconds
Number of updated asset objects reloaded before import = 0
Number of asset objects unloaded after import = 38
========================================================================
Received Import Request.
  Time since last request: 24.795677 seconds.
  path: Assets/Asset/House/School_A4.png
  artifactKey: Guid(cf599888eebaca54aa37135f17593556) Importer(815301076,1909f56bfc062723c751e8b465ee728b)
Start importing Assets/Asset/House/School_A4.png using Guid(cf599888eebaca54aa37135f17593556) Importer(815301076,1909f56bfc062723c751e8b465ee728b)  -> (artifact id: 'd2ff61c681ca5497ee843a7fa03a5558') in 0.169577 seconds
Number of updated asset objects reloaded before import = 0
Number of asset objects unloaded after import = 38
========================================================================
Received Import Request.
  Time since last request: 154.645570 seconds.
  path: Assets/Asset/House/School_A4.png
  artifactKey: Guid(cf599888eebaca54aa37135f17593556) Importer(815301076,1909f56bfc062723c751e8b465ee728b)
Start importing Assets/Asset/House/School_A4.png using Guid(cf599888eebaca54aa37135f17593556) Importer(815301076,1909f56bfc062723c751e8b465ee728b)  -> (artifact id: '028ef92b7a5f606b1d5f522f981f1b4f') in 0.424593 seconds
Number of updated asset objects reloaded before import = 0
Number of asset objects unloaded after import = 146
========================================================================
Received Import Request.
  Time since last request: 35.177941 seconds.
  path: Assets/Asset/House/School_A4.png
  artifactKey: Guid(cf599888eebaca54aa37135f17593556) Importer(815301076,1909f56bfc062723c751e8b465ee728b)
Start importing Assets/Asset/House/School_A4.png using Guid(cf599888eebaca54aa37135f17593556) Importer(815301076,1909f56bfc062723c751e8b465ee728b)  -> (artifact id: 'a4fc773f8d9b4d0d82d549174051f8a6') in 0.381960 seconds
Number of updated asset objects reloaded before import = 0
Number of asset objects unloaded after import = 146
========================================================================
Received Import Request.
  Time since last request: 48.614976 seconds.
  path: Assets/Asset/House/School_A4.png
  artifactKey: Guid(cf599888eebaca54aa37135f17593556) Importer(815301076,1909f56bfc062723c751e8b465ee728b)
Start importing Assets/Asset/House/School_A4.png using Guid(cf599888eebaca54aa37135f17593556) Importer(815301076,1909f56bfc062723c751e8b465ee728b)  -> (artifact id: '6f43db521dc63f5f43dfe6bd38b141f7') in 0.291430 seconds
Number of updated asset objects reloaded before import = 0
Number of asset objects unloaded after import = 146
========================================================================
Received Import Request.
  Time since last request: 2.974653 seconds.
  path: Assets/Asset/House/School_A4.png
  artifactKey: Guid(cf599888eebaca54aa37135f17593556) Importer(815301076,1909f56bfc062723c751e8b465ee728b)
Start importing Assets/Asset/House/School_A4.png using Guid(cf599888eebaca54aa37135f17593556) Importer(815301076,1909f56bfc062723c751e8b465ee728b)  -> (artifact id: '0ae9de65f226ac27837f8bd2ad95323f') in 0.377473 seconds
Number of updated asset objects reloaded before import = 0
Number of asset objects unloaded after import = 146
========================================================================
Received Import Request.
  Time since last request: 4.432331 seconds.
  path: Assets/Asset/House/School_A4.png
  artifactKey: Guid(cf599888eebaca54aa37135f17593556) Importer(815301076,1909f56bfc062723c751e8b465ee728b)
Start importing Assets/Asset/House/School_A4.png using Guid(cf599888eebaca54aa37135f17593556) Importer(815301076,1909f56bfc062723c751e8b465ee728b)  -> (artifact id: '96a4ba9c8d9df9383ab85f091d759265') in 0.416805 seconds
Number of updated asset objects reloaded before import = 0
Number of asset objects unloaded after import = 146
========================================================================
Received Import Request.
  Time since last request: 6.834675 seconds.
  path: Assets/Asset/House/School_A4.png
  artifactKey: Guid(cf599888eebaca54aa37135f17593556) Importer(815301076,1909f56bfc062723c751e8b465ee728b)
Start importing Assets/Asset/House/School_A4.png using Guid(cf599888eebaca54aa37135f17593556) Importer(815301076,1909f56bfc062723c751e8b465ee728b)  -> (artifact id: 'b142bf3241735405e681e5de74fe61ca') in 0.241224 seconds
Number of updated asset objects reloaded before import = 0
Number of asset objects unloaded after import = 146
========================================================================
Received Import Request.
  Time since last request: 8.339190 seconds.
  path: Assets/Asset/House/School_A4.png
  artifactKey: Guid(cf599888eebaca54aa37135f17593556) Importer(815301076,1909f56bfc062723c751e8b465ee728b)
Start importing Assets/Asset/House/School_A4.png using Guid(cf599888eebaca54aa37135f17593556) Importer(815301076,1909f56bfc062723c751e8b465ee728b)  -> (artifact id: '3de86f066c1a37f62aa663d574f183f7') in 0.305723 seconds
Number of updated asset objects reloaded before import = 0
Number of asset objects unloaded after import = 146
========================================================================
Received Import Request.
  Time since last request: 18.543178 seconds.
  path: Assets/Asset/House/School_A5.png
  artifactKey: Guid(2acb2d2e439e90a468e3357c2bd787cc) Importer(815301076,1909f56bfc062723c751e8b465ee728b)
Start importing Assets/Asset/House/School_A5.png using Guid(2acb2d2e439e90a468e3357c2bd787cc) Importer(815301076,1909f56bfc062723c751e8b465ee728b)  -> (artifact id: '99bbe8b1fb65b3309f586cef2a8ac9fa') in 0.076261 seconds
Number of updated asset objects reloaded before import = 0
Number of asset objects unloaded after import = 10
========================================================================
Received Import Request.
  Time since last request: 3.977751 seconds.
  path: Assets/Asset/House/School_A5.png
  artifactKey: Guid(2acb2d2e439e90a468e3357c2bd787cc) Importer(815301076,1909f56bfc062723c751e8b465ee728b)
Start importing Assets/Asset/House/School_A5.png using Guid(2acb2d2e439e90a468e3357c2bd787cc) Importer(815301076,1909f56bfc062723c751e8b465ee728b)  -> (artifact id: 'fca9c1f0078564dc57b14f52f472b8c6') in 0.067319 seconds
Number of updated asset objects reloaded before import = 0
Number of asset objects unloaded after import = 10
========================================================================
Received Import Request.
  Time since last request: 17.518029 seconds.
  path: Assets/Asset/House/School_B.png
  artifactKey: Guid(643375cf9be9aac4198db10297c55a8d) Importer(815301076,1909f56bfc062723c751e8b465ee728b)
Start importing Assets/Asset/House/School_B.png using Guid(643375cf9be9aac4198db10297c55a8d) Importer(815301076,1909f56bfc062723c751e8b465ee728b)  -> (artifact id: 'fc95a9643b5fb9a26f55290439f06373') in 0.013775 seconds
Number of updated asset objects reloaded before import = 0
Number of asset objects unloaded after import = 3
========================================================================
Received Import Request.
  Time since last request: 20.033384 seconds.
  path: Assets/Asset/House/School_B.png
  artifactKey: Guid(643375cf9be9aac4198db10297c55a8d) Importer(815301076,1909f56bfc062723c751e8b465ee728b)
Start importing Assets/Asset/House/School_B.png using Guid(643375cf9be9aac4198db10297c55a8d) Importer(815301076,1909f56bfc062723c751e8b465ee728b)  -> (artifact id: '1f86ef42327019c6a282f3a7538b2df6') in 0.013669 seconds
Number of updated asset objects reloaded before import = 0
Number of asset objects unloaded after import = 2
========================================================================
Received Import Request.
  Time since last request: 58.202749 seconds.
  path: Assets/Asset/House/School_B.png
  artifactKey: Guid(643375cf9be9aac4198db10297c55a8d) Importer(815301076,1909f56bfc062723c751e8b465ee728b)
Start importing Assets/Asset/House/School_B.png using Guid(643375cf9be9aac4198db10297c55a8d) Importer(815301076,1909f56bfc062723c751e8b465ee728b)  -> (artifact id: '5763cbe9e630025a8e6f1b741abc9c96') in 0.264926 seconds
Number of updated asset objects reloaded before import = 0
Number of asset objects unloaded after import = 224
========================================================================
Received Prepare
Begin MonoManager ReloadAssembly
- Loaded All Assemblies, in  0.286 seconds
Refreshing native plugins compatible for Editor in 1.64 ms, found 4 plugins.
Native extension for WindowsStandalone target not found
Native extension for Android target not found
Native extension for WebGL target not found
[Package Manager] Server::EnsureServerProcessIsRunning -- launch failed, reason: Unity was launched with the -noUpm command-line argument
[Package Manager] UpmClient::Send -- Unable to send message (not connected to UPM process).
[Package Manager] Cannot connect to Unity Package Manager local server
Mono: successfully reloaded assembly
- Finished resetting the current domain, in  0.657 seconds
Domain Reload Profiling: 943ms
	BeginReloadAssembly (110ms)
		ExecutionOrderSort (0ms)
		DisableScriptedObjects (7ms)
		BackupInstance (0ms)
		ReleaseScriptingObjects (0ms)
		CreateAndSetChildDomain (29ms)
	RebuildCommonClasses (20ms)
	RebuildNativeTypeToScriptingClass (7ms)
	initialDomainReloadingComplete (16ms)
	LoadAllAssembliesAndSetupDomain (132ms)
		LoadAssemblies (175ms)
		RebuildTransferFunctionScriptingTraits (0ms)
		AnalyzeDomain (9ms)
			TypeCache.Refresh (5ms)
				TypeCache.ScanAssembly (0ms)
			ScanForSourceGeneratedMonoScriptInfo (0ms)
			ResolveRequiredComponents (3ms)
	FinalizeReload (657ms)
		ReleaseScriptCaches (0ms)
		RebuildScriptCaches (0ms)
		SetupLoadedEditorAssemblies (308ms)
			LogAssemblyErrors (0ms)
			InitializePlatformSupportModulesInManaged (17ms)
			SetLoadedEditorAssemblies (3ms)
			RefreshPlugins (0ms)
			BeforeProcessingInitializeOnLoad (48ms)
			ProcessInitializeOnLoadAttributes (214ms)
			ProcessInitializeOnLoadMethodAttributes (24ms)
			AfterProcessingInitializeOnLoad (1ms)
			EditorAssembliesLoaded (0ms)
		ExecutionOrderSort2 (0ms)
		AwakeInstancesAfterBackupRestoration (11ms)
Refreshing native plugins compatible for Editor in 2.03 ms, found 4 plugins.
Preloading 0 native plugins for Editor in 0.00 ms.
Unloading 4056 Unused Serialized files (Serialized files now loaded: 0)
Unloading 42 unused Assets / (217.9 KB). Loaded Objects now: 4563.
Memory consumption went from 153.4 MB to 153.1 MB.
Total: 2.520200 ms (FindLiveObjects: 0.224800 ms CreateObjectMapping: 0.109800 ms MarkObjects: 2.040000 ms  DeleteObjects: 0.144800 ms)

Prepare: number of updated asset objects reloaded= 0
AssetImportParameters requested are different than current active one (requested -> active):
  custom:container-demuxer-ogg: 62fdf1f143b41e24485cea50d1cbac27 -> 
  custom:scripting/monoscript/fileName/StartDialouge.cs: 203b6831aad646f432fa8b5b32137152 -> e11b06cbb08a0e0d012dd36fbd3bda88
  custom:video-decoder-ogg-theora: a1e56fd34408186e4bbccfd4996cb3dc -> 
  custom:framework-win-MediaFoundation: 216162199b28c13a410421893ffa2e32 -> 
  custom:CustomObjectIndexerAttribute: 756ad292c208cfabdd7b50bc23989ffe -> 
  custom:container-demuxer-webm: 4f35f7cbe854078d1ac9338744f61a02 -> 
  custom:scripting/monoscript/fileName/BackToDialogue.cs: da49efe8e5b7ac554f1a3564194ae7cd -> b620cbb516f0ccafbfd8a1b308b3cb8d
  custom:scripting/monoscript/fileName/ChangeScence.cs: 3056e351f3868c4347ba9df7b60ffe31 -> 7b2d853a0dc20487c21d1eef9f277ef6
  custom:container-muxer-webm: aa71ff27fc2769a1b78a27578f13a17b -> 
  custom:video-decoder-webm-vp8: 9c59270c3fd7afecdb556c50c9e8de78 -> 
  custom:scripting/monoscript/fileName/MoveChoicePosition.cs: 6c09f4fe4c3e5e18821db779b9a8fc7e -> 28133539963eab15ba7a3a9edf31fb05
  custom:SearchIndexIgnoredProperties: e643bd26f0fe6173181afceb89e7c659 -> 
  custom:AudioImporter_EditorPlatform: d09bf68614088b80899f8185d706f6e7 -> 
  custom:scripting/monoscript/fileName/StartCenversation1.cs: 0a8aee23ba970a7e6e94b5f7eb5b8c3f -> ca6e38c0b0178ba68a5b792440e48d8b
  custom:video-encoder-webm-vp8: eb34c28f22e8b96e1ab97ce403110664 -> 
  custom:audio-decoder-ogg-vorbis: bf7c407c2cedff20999df2af8eb42d56 -> 
  custom:scripting/monoscript/fileName/TutorialUiEnable.cs: 7f69e325e4e2309f8a6c38d932a4cae5 -> 7d2c653a07c1c9da9b86417b8af7bd46
  custom:scripting/monoscript/fileName/UiEventManager.cs: 82b92a01824b994c309bfbe633bed274 -> 519c3c19316f1ddb1102b37ef008c9eb
  custom:scripting/monoscript/fileName/StartTutorialsDialogue.cs: de943caa74387616ef96928d7ca100cc -> aa3847e02df6e5c6bc1f8b96f476b76b
  custom:audio-encoder-webm-vorbis: bf7c407c2cedff20999df2af8eb42d56 -> 
========================================================================
Received Import Request.
  Time since last request: 215.500804 seconds.
  path: Assets/Scenes/case1/House1.unity
  artifactKey: Guid(258631b62bd7e3f4583b7dcb5e6a1903) Importer(815301076,1909f56bfc062723c751e8b465ee728b)
Start importing Assets/Scenes/case1/House1.unity using Guid(258631b62bd7e3f4583b7dcb5e6a1903) Importer(815301076,1909f56bfc062723c751e8b465ee728b)  -> (artifact id: '2da7da636786220cec1c74261d44e55b') in 0.002027 seconds
Number of updated asset objects reloaded before import = 0
Number of asset objects unloaded after import = 0
========================================================================
Received Import Request.
  Time since last request: 130.015779 seconds.
  path: Assets/Asset/House/TopDownHouse_FloorsAndWalls.png
  artifactKey: Guid(55a546936784672459ea9e892259e918) Importer(815301076,1909f56bfc062723c751e8b465ee728b)
Start importing Assets/Asset/House/TopDownHouse_FloorsAndWalls.png using Guid(55a546936784672459ea9e892259e918) Importer(815301076,1909f56bfc062723c751e8b465ee728b)  -> (artifact id: 'd7f5411af6a4056287ae92f918e93295') in 0.283744 seconds
Number of updated asset objects reloaded before import = 0
Number of asset objects unloaded after import = 107
