Using pre-set license
Built from '2022.3/staging' branch; Version is '2022.3.13f1 (5f90a5ebde0f) revision 6262949'; Using compiler version '192829333'; Build Type 'Release'
OS: 'Windows 11  (10.0.22631) 64bit Professional' Language: 'en' Physical Memory: 32607 MB
BatchMode: 1, IsHumanControllingUs: 0, StartBugReporterOnCrash: 0, Is64bit: 1, IsPro: 1

COMMAND LINE ARGUMENTS:
D:\File_Program\2022.3.13f1\Editor\Unity.exe
-adb2
-batchMode
-noUpm
-name
AssetImportWorker2
-projectPath
D:/THESIS/Project/Project2/GapGap
-logFile
Logs/AssetImportWorker2.log
-srvPort
53648
Successfully changed project path to: D:/THESIS/Project/Project2/GapGap
D:/THESIS/Project/Project2/GapGap
[UnityMemory] Configuration Parameters - Can be set up in boot.config
    "memorysetup-bucket-allocator-granularity=16"
    "memorysetup-bucket-allocator-bucket-count=8"
    "memorysetup-bucket-allocator-block-size=33554432"
    "memorysetup-bucket-allocator-block-count=8"
    "memorysetup-main-allocator-block-size=16777216"
    "memorysetup-thread-allocator-block-size=16777216"
    "memorysetup-gfx-main-allocator-block-size=16777216"
    "memorysetup-gfx-thread-allocator-block-size=16777216"
    "memorysetup-cache-allocator-block-size=4194304"
    "memorysetup-typetree-allocator-block-size=2097152"
    "memorysetup-profiler-bucket-allocator-granularity=16"
    "memorysetup-profiler-bucket-allocator-bucket-count=8"
    "memorysetup-profiler-bucket-allocator-block-size=33554432"
    "memorysetup-profiler-bucket-allocator-block-count=8"
    "memorysetup-profiler-allocator-block-size=16777216"
    "memorysetup-profiler-editor-allocator-block-size=1048576"
    "memorysetup-temp-allocator-size-main=16777216"
    "memorysetup-job-temp-allocator-block-size=2097152"
    "memorysetup-job-temp-allocator-block-size-background=1048576"
    "memorysetup-job-temp-allocator-reduction-small-platforms=262144"
    "memorysetup-allocator-temp-initial-block-size-main=262144"
    "memorysetup-allocator-temp-initial-block-size-worker=262144"
    "memorysetup-temp-allocator-size-background-worker=32768"
    "memorysetup-temp-allocator-size-job-worker=262144"
    "memorysetup-temp-allocator-size-preload-manager=33554432"
    "memorysetup-temp-allocator-size-nav-mesh-worker=65536"
    "memorysetup-temp-allocator-size-audio-worker=65536"
    "memorysetup-temp-allocator-size-cloud-worker=32768"
    "memorysetup-temp-allocator-size-gi-baking-worker=262144"
    "memorysetup-temp-allocator-size-gfx=262144"
Player connection [25040] Host "[IP] 192.168.1.138 [Port] 0 [Flags] 2 [Guid] 4253956100 [EditorId] 4253956100 [Version] 1048832 [Id] WindowsEditor(7,DESKTOP-SROV3A8) [Debug] 1 [PackageName] WindowsEditor [ProjectName] Editor" joined multi-casting on [225.0.0.222:54997]...

Player connection [25040] Host "[IP] 192.168.1.138 [Port] 0 [Flags] 2 [Guid] 4253956100 [EditorId] 4253956100 [Version] 1048832 [Id] WindowsEditor(7,DESKTOP-SROV3A8) [Debug] 1 [PackageName] WindowsEditor [ProjectName] Editor" joined alternative multi-casting on [225.0.0.222:34997]...

[Physics::Module] Initialized MultithreadedJobDispatcher with 15 workers.
Refreshing native plugins compatible for Editor in 5.96 ms, found 4 plugins.
Preloading 0 native plugins for Editor in 0.00 ms.
Initialize engine version: 2022.3.13f1 (5f90a5ebde0f)
[Subsystems] Discovering subsystems at path D:/File_Program/2022.3.13f1/Editor/Data/Resources/UnitySubsystems
[Subsystems] Discovering subsystems at path D:/THESIS/Project/Project2/GapGap/Assets
GfxDevice: creating device client; threaded=0; jobified=0
Direct3D:
    Version:  Direct3D 11.0 [level 11.1]
    Renderer: NVIDIA GeForce RTX 2060 (ID=0x1f08)
    Vendor:   NVIDIA
    VRAM:     5954 MB
    Driver:   32.0.15.6081
Initialize mono
Mono path[0] = 'D:/File_Program/2022.3.13f1/Editor/Data/Managed'
Mono path[1] = 'D:/File_Program/2022.3.13f1/Editor/Data/MonoBleedingEdge/lib/mono/unityjit-win32'
Mono config path = 'D:/File_Program/2022.3.13f1/Editor/Data/MonoBleedingEdge/etc'
Using monoOptions --debugger-agent=transport=dt_socket,embedding=1,server=y,suspend=n,address=127.0.0.1:56960
Begin MonoManager ReloadAssembly
Registering precompiled unity dll's ...
Register platform support module: D:/File_Program/2022.3.13f1/Editor/Data/PlaybackEngines/WebGLSupport/UnityEditor.WebGL.Extensions.dll
Register platform support module: D:/File_Program/2022.3.13f1/Editor/Data/PlaybackEngines/AndroidPlayer/UnityEditor.Android.Extensions.dll
Register platform support module: D:/File_Program/2022.3.13f1/Editor/Data/PlaybackEngines/WindowsStandaloneSupport/UnityEditor.WindowsStandalone.Extensions.dll
Registered in 0.002697 seconds.
- Loaded All Assemblies, in  0.267 seconds
Native extension for WindowsStandalone target not found
Native extension for Android target not found
Android Extension - Scanning For ADB Devices 205 ms
Native extension for WebGL target not found
Mono: successfully reloaded assembly
- Finished resetting the current domain, in  0.444 seconds
Domain Reload Profiling: 712ms
	BeginReloadAssembly (85ms)
		ExecutionOrderSort (0ms)
		DisableScriptedObjects (0ms)
		BackupInstance (0ms)
		ReleaseScriptingObjects (0ms)
		CreateAndSetChildDomain (1ms)
	RebuildCommonClasses (27ms)
	RebuildNativeTypeToScriptingClass (8ms)
	initialDomainReloadingComplete (36ms)
	LoadAllAssembliesAndSetupDomain (111ms)
		LoadAssemblies (85ms)
		RebuildTransferFunctionScriptingTraits (0ms)
		AnalyzeDomain (109ms)
			TypeCache.Refresh (108ms)
				TypeCache.ScanAssembly (98ms)
			ScanForSourceGeneratedMonoScriptInfo (0ms)
			ResolveRequiredComponents (0ms)
	FinalizeReload (445ms)
		ReleaseScriptCaches (0ms)
		RebuildScriptCaches (0ms)
		SetupLoadedEditorAssemblies (401ms)
			LogAssemblyErrors (0ms)
			InitializePlatformSupportModulesInManaged (287ms)
			SetLoadedEditorAssemblies (3ms)
			RefreshPlugins (0ms)
			BeforeProcessingInitializeOnLoad (2ms)
			ProcessInitializeOnLoadAttributes (74ms)
			ProcessInitializeOnLoadMethodAttributes (36ms)
			AfterProcessingInitializeOnLoad (0ms)
			EditorAssembliesLoaded (0ms)
		ExecutionOrderSort2 (0ms)
		AwakeInstancesAfterBackupRestoration (0ms)
========================================================================
Worker process is ready to serve import requests
Begin MonoManager ReloadAssembly
- Loaded All Assemblies, in  0.460 seconds
Refreshing native plugins compatible for Editor in 1.71 ms, found 4 plugins.
Native extension for WindowsStandalone target not found
Native extension for Android target not found
Native extension for WebGL target not found
Package Manager log level set to [2]
[Package Manager] Server::EnsureServerProcessIsRunning -- launch failed, reason: Unity was launched with the -noUpm command-line argument
[Package Manager] UpmClient::Send -- Unable to send message (not connected to UPM process).
[Package Manager] Cannot connect to Unity Package Manager local server
Mono: successfully reloaded assembly
- Finished resetting the current domain, in  0.460 seconds
Domain Reload Profiling: 920ms
	BeginReloadAssembly (112ms)
		ExecutionOrderSort (0ms)
		DisableScriptedObjects (5ms)
		BackupInstance (0ms)
		ReleaseScriptingObjects (0ms)
		CreateAndSetChildDomain (17ms)
	RebuildCommonClasses (24ms)
	RebuildNativeTypeToScriptingClass (8ms)
	initialDomainReloadingComplete (27ms)
	LoadAllAssembliesAndSetupDomain (289ms)
		LoadAssemblies (222ms)
		RebuildTransferFunctionScriptingTraits (0ms)
		AnalyzeDomain (132ms)
			TypeCache.Refresh (113ms)
				TypeCache.ScanAssembly (100ms)
			ScanForSourceGeneratedMonoScriptInfo (16ms)
			ResolveRequiredComponents (3ms)
	FinalizeReload (461ms)
		ReleaseScriptCaches (0ms)
		RebuildScriptCaches (0ms)
		SetupLoadedEditorAssemblies (338ms)
			LogAssemblyErrors (0ms)
			InitializePlatformSupportModulesInManaged (17ms)
			SetLoadedEditorAssemblies (3ms)
			RefreshPlugins (0ms)
			BeforeProcessingInitializeOnLoad (46ms)
			ProcessInitializeOnLoadAttributes (238ms)
			ProcessInitializeOnLoadMethodAttributes (34ms)
			AfterProcessingInitializeOnLoad (1ms)
			EditorAssembliesLoaded (0ms)
		ExecutionOrderSort2 (0ms)
		AwakeInstancesAfterBackupRestoration (6ms)
Launched and connected shader compiler UnityShaderCompiler.exe after 0.04 seconds
Refreshing native plugins compatible for Editor in 2.75 ms, found 4 plugins.
Preloading 0 native plugins for Editor in 0.00 ms.
Unloading 4076 Unused Serialized files (Serialized files now loaded: 0)
Unloading 70 unused Assets / (244.6 KB). Loaded Objects now: 4536.
Memory consumption went from 154.6 MB to 154.4 MB.
Total: 3.527200 ms (FindLiveObjects: 0.265000 ms CreateObjectMapping: 0.189500 ms MarkObjects: 2.811800 ms  DeleteObjects: 0.259800 ms)

AssetImportParameters requested are different than current active one (requested -> active):
  custom:container-demuxer-ogg: 62fdf1f143b41e24485cea50d1cbac27 -> 
  custom:scripting/monoscript/fileName/StartDialouge.cs: 203b6831aad646f432fa8b5b32137152 -> e11b06cbb08a0e0d012dd36fbd3bda88
  custom:video-decoder-ogg-theora: a1e56fd34408186e4bbccfd4996cb3dc -> 
  custom:framework-win-MediaFoundation: 216162199b28c13a410421893ffa2e32 -> 
  custom:CustomObjectIndexerAttribute: 756ad292c208cfabdd7b50bc23989ffe -> 
  custom:container-demuxer-webm: 4f35f7cbe854078d1ac9338744f61a02 -> 
  custom:scripting/monoscript/fileName/BackToDialogue.cs: da49efe8e5b7ac554f1a3564194ae7cd -> b620cbb516f0ccafbfd8a1b308b3cb8d
  custom:scripting/monoscript/fileName/ChangeScence.cs: 3056e351f3868c4347ba9df7b60ffe31 -> 7b2d853a0dc20487c21d1eef9f277ef6
  custom:container-muxer-webm: aa71ff27fc2769a1b78a27578f13a17b -> 
  custom:video-decoder-webm-vp8: 9c59270c3fd7afecdb556c50c9e8de78 -> 
  custom:scripting/monoscript/fileName/MoveChoicePosition.cs: 6c09f4fe4c3e5e18821db779b9a8fc7e -> 28133539963eab15ba7a3a9edf31fb05
  custom:SearchIndexIgnoredProperties: e643bd26f0fe6173181afceb89e7c659 -> 
  custom:AudioImporter_EditorPlatform: d09bf68614088b80899f8185d706f6e7 -> 
  custom:scripting/monoscript/fileName/StartCenversation1.cs: 0a8aee23ba970a7e6e94b5f7eb5b8c3f -> ca6e38c0b0178ba68a5b792440e48d8b
  custom:video-encoder-webm-vp8: eb34c28f22e8b96e1ab97ce403110664 -> 
  custom:audio-decoder-ogg-vorbis: bf7c407c2cedff20999df2af8eb42d56 -> 
  custom:scripting/monoscript/fileName/TutorialUiEnable.cs: 7f69e325e4e2309f8a6c38d932a4cae5 -> 7d2c653a07c1c9da9b86417b8af7bd46
  custom:scripting/monoscript/fileName/UiEventManager.cs: 82b92a01824b994c309bfbe633bed274 -> 519c3c19316f1ddb1102b37ef008c9eb
  custom:scripting/monoscript/fileName/StartTutorialsDialogue.cs: de943caa74387616ef96928d7ca100cc -> aa3847e02df6e5c6bc1f8b96f476b76b
  custom:audio-encoder-webm-vorbis: bf7c407c2cedff20999df2af8eb42d56 -> 
========================================================================
Received Import Request.
  Time since last request: 1827529.499491 seconds.
  path: Assets/Asset/House/Slice 1.png
  artifactKey: Guid(b0bef51586c430843b4441773b18b4f8) Importer(815301076,1909f56bfc062723c751e8b465ee728b)
Start importing Assets/Asset/House/Slice 1.png using Guid(b0bef51586c430843b4441773b18b4f8) Importer(815301076,1909f56bfc062723c751e8b465ee728b)  -> (artifact id: '2130289e1abbbe4fae5974a14f5476f5') in 0.050208 seconds
Number of updated asset objects reloaded before import = 0
Number of asset objects unloaded after import = 3
========================================================================
Received Import Request.
  Time since last request: 7.934999 seconds.
  path: Assets/Asset/House/Slice 1.png
  artifactKey: Guid(b0bef51586c430843b4441773b18b4f8) Importer(815301076,1909f56bfc062723c751e8b465ee728b)
Start importing Assets/Asset/House/Slice 1.png using Guid(b0bef51586c430843b4441773b18b4f8) Importer(815301076,1909f56bfc062723c751e8b465ee728b)  -> (artifact id: '4604d80f1d73f516488f0288cfd4b8b4') in 0.009599 seconds
Number of updated asset objects reloaded before import = 0
Number of asset objects unloaded after import = 3
========================================================================
Received Import Request.
  Time since last request: 18.374112 seconds.
  path: Assets/Asset/House/Slice 1.png
  artifactKey: Guid(b0bef51586c430843b4441773b18b4f8) Importer(815301076,1909f56bfc062723c751e8b465ee728b)
Start importing Assets/Asset/House/Slice 1.png using Guid(b0bef51586c430843b4441773b18b4f8) Importer(815301076,1909f56bfc062723c751e8b465ee728b)  -> (artifact id: '1123b9504e856543c4941ce220d932d9') in 0.011485 seconds
Number of updated asset objects reloaded before import = 0
Number of asset objects unloaded after import = 3
========================================================================
Received Import Request.
  Time since last request: 8.746794 seconds.
  path: Assets/Asset/House/Slice 1.png
  artifactKey: Guid(b0bef51586c430843b4441773b18b4f8) Importer(815301076,1909f56bfc062723c751e8b465ee728b)
Start importing Assets/Asset/House/Slice 1.png using Guid(b0bef51586c430843b4441773b18b4f8) Importer(815301076,1909f56bfc062723c751e8b465ee728b)  -> (artifact id: '5f1fab5756a9f03e35052cd04751e7fe') in 0.007835 seconds
Number of updated asset objects reloaded before import = 0
Number of asset objects unloaded after import = 3
========================================================================
Received Import Request.
  Time since last request: 4.531060 seconds.
  path: Assets/Asset/House/Slice 1.png
  artifactKey: Guid(b0bef51586c430843b4441773b18b4f8) Importer(815301076,1909f56bfc062723c751e8b465ee728b)
Start importing Assets/Asset/House/Slice 1.png using Guid(b0bef51586c430843b4441773b18b4f8) Importer(815301076,1909f56bfc062723c751e8b465ee728b)  -> (artifact id: '67591e1c9ab67f0639a0af9487f938f8') in 0.008748 seconds
Number of updated asset objects reloaded before import = 0
Number of asset objects unloaded after import = 3
========================================================================
Received Prepare
Begin MonoManager ReloadAssembly
- Loaded All Assemblies, in  0.282 seconds
Refreshing native plugins compatible for Editor in 2.05 ms, found 4 plugins.
Native extension for WindowsStandalone target not found
Native extension for Android target not found
Native extension for WebGL target not found
[Package Manager] Server::EnsureServerProcessIsRunning -- launch failed, reason: Unity was launched with the -noUpm command-line argument
[Package Manager] UpmClient::Send -- Unable to send message (not connected to UPM process).
[Package Manager] Cannot connect to Unity Package Manager local server
Mono: successfully reloaded assembly
- Finished resetting the current domain, in  0.590 seconds
Domain Reload Profiling: 872ms
	BeginReloadAssembly (111ms)
		ExecutionOrderSort (0ms)
		DisableScriptedObjects (10ms)
		BackupInstance (0ms)
		ReleaseScriptingObjects (0ms)
		CreateAndSetChildDomain (25ms)
	RebuildCommonClasses (20ms)
	RebuildNativeTypeToScriptingClass (7ms)
	initialDomainReloadingComplete (15ms)
	LoadAllAssembliesAndSetupDomain (128ms)
		LoadAssemblies (175ms)
		RebuildTransferFunctionScriptingTraits (0ms)
		AnalyzeDomain (9ms)
			TypeCache.Refresh (4ms)
				TypeCache.ScanAssembly (0ms)
			ScanForSourceGeneratedMonoScriptInfo (0ms)
			ResolveRequiredComponents (3ms)
	FinalizeReload (590ms)
		ReleaseScriptCaches (0ms)
		RebuildScriptCaches (0ms)
		SetupLoadedEditorAssemblies (294ms)
			LogAssemblyErrors (0ms)
			InitializePlatformSupportModulesInManaged (14ms)
			SetLoadedEditorAssemblies (3ms)
			RefreshPlugins (0ms)
			BeforeProcessingInitializeOnLoad (43ms)
			ProcessInitializeOnLoadAttributes (208ms)
			ProcessInitializeOnLoadMethodAttributes (25ms)
			AfterProcessingInitializeOnLoad (1ms)
			EditorAssembliesLoaded (0ms)
		ExecutionOrderSort2 (0ms)
		AwakeInstancesAfterBackupRestoration (9ms)
Refreshing native plugins compatible for Editor in 2.39 ms, found 4 plugins.
Preloading 0 native plugins for Editor in 0.00 ms.
Unloading 4056 Unused Serialized files (Serialized files now loaded: 0)
Unloading 42 unused Assets / (216.9 KB). Loaded Objects now: 4547.
Memory consumption went from 151.2 MB to 151.0 MB.
Total: 2.262800 ms (FindLiveObjects: 0.173800 ms CreateObjectMapping: 0.092100 ms MarkObjects: 1.867900 ms  DeleteObjects: 0.128400 ms)

Prepare: number of updated asset objects reloaded= 0
AssetImportParameters requested are different than current active one (requested -> active):
  custom:container-demuxer-ogg: 62fdf1f143b41e24485cea50d1cbac27 -> 
  custom:scripting/monoscript/fileName/StartDialouge.cs: 203b6831aad646f432fa8b5b32137152 -> e11b06cbb08a0e0d012dd36fbd3bda88
  custom:video-decoder-ogg-theora: a1e56fd34408186e4bbccfd4996cb3dc -> 
  custom:framework-win-MediaFoundation: 216162199b28c13a410421893ffa2e32 -> 
  custom:CustomObjectIndexerAttribute: 756ad292c208cfabdd7b50bc23989ffe -> 
  custom:container-demuxer-webm: 4f35f7cbe854078d1ac9338744f61a02 -> 
  custom:scripting/monoscript/fileName/BackToDialogue.cs: da49efe8e5b7ac554f1a3564194ae7cd -> b620cbb516f0ccafbfd8a1b308b3cb8d
  custom:scripting/monoscript/fileName/ChangeScence.cs: 3056e351f3868c4347ba9df7b60ffe31 -> 7b2d853a0dc20487c21d1eef9f277ef6
  custom:container-muxer-webm: aa71ff27fc2769a1b78a27578f13a17b -> 
  custom:video-decoder-webm-vp8: 9c59270c3fd7afecdb556c50c9e8de78 -> 
  custom:scripting/monoscript/fileName/MoveChoicePosition.cs: 6c09f4fe4c3e5e18821db779b9a8fc7e -> 28133539963eab15ba7a3a9edf31fb05
  custom:SearchIndexIgnoredProperties: e643bd26f0fe6173181afceb89e7c659 -> 
  custom:AudioImporter_EditorPlatform: d09bf68614088b80899f8185d706f6e7 -> 
  custom:scripting/monoscript/fileName/StartCenversation1.cs: 0a8aee23ba970a7e6e94b5f7eb5b8c3f -> ca6e38c0b0178ba68a5b792440e48d8b
  custom:video-encoder-webm-vp8: eb34c28f22e8b96e1ab97ce403110664 -> 
  custom:audio-decoder-ogg-vorbis: bf7c407c2cedff20999df2af8eb42d56 -> 
  custom:scripting/monoscript/fileName/TutorialUiEnable.cs: 7f69e325e4e2309f8a6c38d932a4cae5 -> 7d2c653a07c1c9da9b86417b8af7bd46
  custom:scripting/monoscript/fileName/UiEventManager.cs: 82b92a01824b994c309bfbe633bed274 -> 519c3c19316f1ddb1102b37ef008c9eb
  custom:scripting/monoscript/fileName/StartTutorialsDialogue.cs: de943caa74387616ef96928d7ca100cc -> aa3847e02df6e5c6bc1f8b96f476b76b
  custom:audio-encoder-webm-vorbis: bf7c407c2cedff20999df2af8eb42d56 -> 
========================================================================
Received Import Request.
  Time since last request: 22.090619 seconds.
  path: Assets/Asset/House/Slice 5.png
  artifactKey: Guid(9901eccfc9fb33e43b761b403529b63c) Importer(815301076,1909f56bfc062723c751e8b465ee728b)
Start importing Assets/Asset/House/Slice 5.png using Guid(9901eccfc9fb33e43b761b403529b63c) Importer(815301076,1909f56bfc062723c751e8b465ee728b)  -> (artifact id: '467ed9ec92a820b8eb6d9bcd30ef7505') in 0.045093 seconds
Number of updated asset objects reloaded before import = 0
Number of asset objects unloaded after import = 3
========================================================================
Received Import Request.
  Time since last request: 0.000016 seconds.
  path: Assets/Asset/House/Slice 17.png
  artifactKey: Guid(def88704c78482e4fac67d1735f3ed90) Importer(815301076,1909f56bfc062723c751e8b465ee728b)
Start importing Assets/Asset/House/Slice 17.png using Guid(def88704c78482e4fac67d1735f3ed90) Importer(815301076,1909f56bfc062723c751e8b465ee728b)  -> (artifact id: 'b574e95b952405931237e7947e48296f') in 0.008375 seconds
Number of updated asset objects reloaded before import = 0
Number of asset objects unloaded after import = 3
========================================================================
Received Import Request.
  Time since last request: 0.000025 seconds.
  path: Assets/Asset/House/Slice 19.png
  artifactKey: Guid(a466d44d69786b848a680dd3aae13129) Importer(815301076,1909f56bfc062723c751e8b465ee728b)
Start importing Assets/Asset/House/Slice 19.png using Guid(a466d44d69786b848a680dd3aae13129) Importer(815301076,1909f56bfc062723c751e8b465ee728b)  -> (artifact id: '929861b76718e267e02a64ae081cf0bc') in 0.014868 seconds
Number of updated asset objects reloaded before import = 0
Number of asset objects unloaded after import = 3
========================================================================
Received Import Request.
  Time since last request: 0.000024 seconds.
  path: Assets/Asset/House/Slice 22.png
  artifactKey: Guid(ad7f6a7b5dd2ff744bd2d45709423c95) Importer(815301076,1909f56bfc062723c751e8b465ee728b)
Start importing Assets/Asset/House/Slice 22.png using Guid(ad7f6a7b5dd2ff744bd2d45709423c95) Importer(815301076,1909f56bfc062723c751e8b465ee728b)  -> (artifact id: '912047f6d34ecf458fa602e30b95433e') in 0.026426 seconds
Number of updated asset objects reloaded before import = 0
Number of asset objects unloaded after import = 3
========================================================================
Received Import Request.
  Time since last request: 0.000039 seconds.
  path: Assets/Asset/House/Slice 10.png
  artifactKey: Guid(fea70eacfee543b4a92e6eb7e5f3524b) Importer(815301076,1909f56bfc062723c751e8b465ee728b)
Start importing Assets/Asset/House/Slice 10.png using Guid(fea70eacfee543b4a92e6eb7e5f3524b) Importer(815301076,1909f56bfc062723c751e8b465ee728b)  -> (artifact id: 'a11d5b94fd4123177c5609edfd18faba') in 0.016532 seconds
Number of updated asset objects reloaded before import = 0
Number of asset objects unloaded after import = 3
========================================================================
Received Import Request.
  Time since last request: 0.000020 seconds.
  path: Assets/Asset/House/Slice 4.png
  artifactKey: Guid(ca5e8513d2851534f8d856b2b3be4d75) Importer(815301076,1909f56bfc062723c751e8b465ee728b)
Start importing Assets/Asset/House/Slice 4.png using Guid(ca5e8513d2851534f8d856b2b3be4d75) Importer(815301076,1909f56bfc062723c751e8b465ee728b)  -> (artifact id: '1c1a32acd66424efbe16a39f3e5bf8b6') in 0.016218 seconds
Number of updated asset objects reloaded before import = 0
Number of asset objects unloaded after import = 3
========================================================================
Received Import Request.
  Time since last request: 0.000014 seconds.
  path: Assets/Asset/House/Slice 18.png
  artifactKey: Guid(931108efc287e1747b2fd5002043d327) Importer(815301076,1909f56bfc062723c751e8b465ee728b)
Start importing Assets/Asset/House/Slice 18.png using Guid(931108efc287e1747b2fd5002043d327) Importer(815301076,1909f56bfc062723c751e8b465ee728b)  -> (artifact id: 'c5e96074e02937f332064fbd63cd2809') in 0.015428 seconds
Number of updated asset objects reloaded before import = 0
Number of asset objects unloaded after import = 3
========================================================================
Received Import Request.
  Time since last request: 0.000016 seconds.
  path: Assets/Asset/House/Slice 20.png
  artifactKey: Guid(a2ec7ebb09f18af4d9a45e483ca06243) Importer(815301076,1909f56bfc062723c751e8b465ee728b)
Start importing Assets/Asset/House/Slice 20.png using Guid(a2ec7ebb09f18af4d9a45e483ca06243) Importer(815301076,1909f56bfc062723c751e8b465ee728b)  -> (artifact id: 'b7bfb83d9b7c448db6adb031a3abfd69') in 0.015321 seconds
Number of updated asset objects reloaded before import = 0
Number of asset objects unloaded after import = 3
========================================================================
Received Import Request.
  Time since last request: 0.000013 seconds.
  path: Assets/Asset/House/Slice 12.png
  artifactKey: Guid(6156cf9764a469f43b3e4b12da67d68a) Importer(815301076,1909f56bfc062723c751e8b465ee728b)
Start importing Assets/Asset/House/Slice 12.png using Guid(6156cf9764a469f43b3e4b12da67d68a) Importer(815301076,1909f56bfc062723c751e8b465ee728b)  -> (artifact id: 'add1e4657c29dafc2dc71ad6970558c1') in 0.017639 seconds
Number of updated asset objects reloaded before import = 0
Number of asset objects unloaded after import = 3
========================================================================
Received Import Request.
  Time since last request: 0.000017 seconds.
  path: Assets/Asset/House/Slice 9.png
  artifactKey: Guid(7db9877bec46a274298a36a33da90940) Importer(815301076,1909f56bfc062723c751e8b465ee728b)
Start importing Assets/Asset/House/Slice 9.png using Guid(7db9877bec46a274298a36a33da90940) Importer(815301076,1909f56bfc062723c751e8b465ee728b)  -> (artifact id: 'b9ef74b55400522cfddfa68e7f677be1') in 0.018731 seconds
Number of updated asset objects reloaded before import = 0
Number of asset objects unloaded after import = 3
========================================================================
Received Import Request.
  Time since last request: 0.000014 seconds.
  path: Assets/Asset/House/Slice 3.png
  artifactKey: Guid(2c08d4bd690d8464780e47d328767dd3) Importer(815301076,1909f56bfc062723c751e8b465ee728b)
Start importing Assets/Asset/House/Slice 3.png using Guid(2c08d4bd690d8464780e47d328767dd3) Importer(815301076,1909f56bfc062723c751e8b465ee728b)  -> (artifact id: '6b9f8337a2c91a866b97f1566d10699d') in 0.012314 seconds
Number of updated asset objects reloaded before import = 0
Number of asset objects unloaded after import = 3
========================================================================
Received Import Request.
  Time since last request: 0.000019 seconds.
  path: Assets/Asset/House/Slice 21.png
  artifactKey: Guid(11a6bd519d15dc44abe497ba8a15d846) Importer(815301076,1909f56bfc062723c751e8b465ee728b)
Start importing Assets/Asset/House/Slice 21.png using Guid(11a6bd519d15dc44abe497ba8a15d846) Importer(815301076,1909f56bfc062723c751e8b465ee728b)  -> (artifact id: 'a37ca10a14780ec0c681763d325e957f') in 0.007394 seconds
Number of updated asset objects reloaded before import = 0
Number of asset objects unloaded after import = 3
========================================================================
Received Import Request.
  Time since last request: 0.000018 seconds.
  path: Assets/Asset/House/Slice 24.png
  artifactKey: Guid(1b655ca73e686bd4f979797f8bf5d86f) Importer(815301076,1909f56bfc062723c751e8b465ee728b)
Start importing Assets/Asset/House/Slice 24.png using Guid(1b655ca73e686bd4f979797f8bf5d86f) Importer(815301076,1909f56bfc062723c751e8b465ee728b)  -> (artifact id: '5c7c3ea1e78b45383aa20bc52b62d434') in 0.012735 seconds
Number of updated asset objects reloaded before import = 0
Number of asset objects unloaded after import = 3
Editor requested this worker to shutdown with reason: Scaling down because of idle timeout
TcpMessagingSession - receive error: operation aborted. errorcode: 995, details: The I/O operation has been aborted because of either a thread exit or an application request.
AssetImportWorker is now disconnected from the server
Process exiting
Exiting without the bug reporter. Application will terminate with return code 0