Using pre-set license
Built from '2022.3/staging' branch; Version is '2022.3.13f1 (5f90a5ebde0f) revision 6262949'; Using compiler version '192829333'; Build Type 'Release'
OS: 'Windows 11  (10.0.22631) 64bit Professional' Language: 'en' Physical Memory: 32607 MB
BatchMode: 1, IsHumanControllingUs: 0, StartBugReporterOnCrash: 0, Is64bit: 1, IsPro: 1

COMMAND LINE ARGUMENTS:
D:\File_Program\2022.3.13f1\Editor\Unity.exe
-adb2
-batchMode
-noUpm
-name
AssetImportWorker0
-projectPath
D:/THESIS/Project/Project2/GapGap
-logFile
Logs/AssetImportWorker0.log
-srvPort
53648
Successfully changed project path to: D:/THESIS/Project/Project2/GapGap
D:/THESIS/Project/Project2/GapGap
[UnityMemory] Configuration Parameters - Can be set up in boot.config
    "memorysetup-bucket-allocator-granularity=16"
    "memorysetup-bucket-allocator-bucket-count=8"
    "memorysetup-bucket-allocator-block-size=33554432"
    "memorysetup-bucket-allocator-block-count=8"
    "memorysetup-main-allocator-block-size=16777216"
    "memorysetup-thread-allocator-block-size=16777216"
    "memorysetup-gfx-main-allocator-block-size=16777216"
    "memorysetup-gfx-thread-allocator-block-size=16777216"
    "memorysetup-cache-allocator-block-size=4194304"
    "memorysetup-typetree-allocator-block-size=2097152"
    "memorysetup-profiler-bucket-allocator-granularity=16"
    "memorysetup-profiler-bucket-allocator-bucket-count=8"
    "memorysetup-profiler-bucket-allocator-block-size=33554432"
    "memorysetup-profiler-bucket-allocator-block-count=8"
    "memorysetup-profiler-allocator-block-size=16777216"
    "memorysetup-profiler-editor-allocator-block-size=1048576"
    "memorysetup-temp-allocator-size-main=16777216"
    "memorysetup-job-temp-allocator-block-size=2097152"
    "memorysetup-job-temp-allocator-block-size-background=1048576"
    "memorysetup-job-temp-allocator-reduction-small-platforms=262144"
    "memorysetup-allocator-temp-initial-block-size-main=262144"
    "memorysetup-allocator-temp-initial-block-size-worker=262144"
    "memorysetup-temp-allocator-size-background-worker=32768"
    "memorysetup-temp-allocator-size-job-worker=262144"
    "memorysetup-temp-allocator-size-preload-manager=33554432"
    "memorysetup-temp-allocator-size-nav-mesh-worker=65536"
    "memorysetup-temp-allocator-size-audio-worker=65536"
    "memorysetup-temp-allocator-size-cloud-worker=32768"
    "memorysetup-temp-allocator-size-gi-baking-worker=262144"
    "memorysetup-temp-allocator-size-gfx=262144"
Player connection [3996] Host "[IP] 192.168.1.138 [Port] 0 [Flags] 2 [Guid] 881172503 [EditorId] 881172503 [Version] 1048832 [Id] WindowsEditor(7,DESKTOP-SROV3A8) [Debug] 1 [PackageName] WindowsEditor [ProjectName] Editor" joined multi-casting on [225.0.0.222:54997]...

Player connection [3996] Host "[IP] 192.168.1.138 [Port] 0 [Flags] 2 [Guid] 881172503 [EditorId] 881172503 [Version] 1048832 [Id] WindowsEditor(7,DESKTOP-SROV3A8) [Debug] 1 [PackageName] WindowsEditor [ProjectName] Editor" joined alternative multi-casting on [225.0.0.222:34997]...

[Physics::Module] Initialized MultithreadedJobDispatcher with 15 workers.
Refreshing native plugins compatible for Editor in 5.24 ms, found 4 plugins.
Preloading 0 native plugins for Editor in 0.00 ms.
Initialize engine version: 2022.3.13f1 (5f90a5ebde0f)
[Subsystems] Discovering subsystems at path D:/File_Program/2022.3.13f1/Editor/Data/Resources/UnitySubsystems
[Subsystems] Discovering subsystems at path D:/THESIS/Project/Project2/GapGap/Assets
GfxDevice: creating device client; threaded=0; jobified=0
Direct3D:
    Version:  Direct3D 11.0 [level 11.1]
    Renderer: NVIDIA GeForce RTX 2060 (ID=0x1f08)
    Vendor:   NVIDIA
    VRAM:     5954 MB
    Driver:   32.0.15.6081
Initialize mono
Mono path[0] = 'D:/File_Program/2022.3.13f1/Editor/Data/Managed'
Mono path[1] = 'D:/File_Program/2022.3.13f1/Editor/Data/MonoBleedingEdge/lib/mono/unityjit-win32'
Mono config path = 'D:/File_Program/2022.3.13f1/Editor/Data/MonoBleedingEdge/etc'
Using monoOptions --debugger-agent=transport=dt_socket,embedding=1,server=y,suspend=n,address=127.0.0.1:56724
Begin MonoManager ReloadAssembly
Registering precompiled unity dll's ...
Register platform support module: D:/File_Program/2022.3.13f1/Editor/Data/PlaybackEngines/WebGLSupport/UnityEditor.WebGL.Extensions.dll
Register platform support module: D:/File_Program/2022.3.13f1/Editor/Data/PlaybackEngines/AndroidPlayer/UnityEditor.Android.Extensions.dll
Register platform support module: D:/File_Program/2022.3.13f1/Editor/Data/PlaybackEngines/WindowsStandaloneSupport/UnityEditor.WindowsStandalone.Extensions.dll
Registered in 0.002432 seconds.
- Loaded All Assemblies, in  0.234 seconds
Native extension for WindowsStandalone target not found
Native extension for Android target not found
Android Extension - Scanning For ADB Devices 178 ms
Native extension for WebGL target not found
Mono: successfully reloaded assembly
- Finished resetting the current domain, in  0.392 seconds
Domain Reload Profiling: 626ms
	BeginReloadAssembly (74ms)
		ExecutionOrderSort (0ms)
		DisableScriptedObjects (0ms)
		BackupInstance (0ms)
		ReleaseScriptingObjects (0ms)
		CreateAndSetChildDomain (1ms)
	RebuildCommonClasses (21ms)
	RebuildNativeTypeToScriptingClass (7ms)
	initialDomainReloadingComplete (34ms)
	LoadAllAssembliesAndSetupDomain (97ms)
		LoadAssemblies (74ms)
		RebuildTransferFunctionScriptingTraits (0ms)
		AnalyzeDomain (95ms)
			TypeCache.Refresh (94ms)
				TypeCache.ScanAssembly (85ms)
			ScanForSourceGeneratedMonoScriptInfo (0ms)
			ResolveRequiredComponents (0ms)
	FinalizeReload (392ms)
		ReleaseScriptCaches (0ms)
		RebuildScriptCaches (0ms)
		SetupLoadedEditorAssemblies (354ms)
			LogAssemblyErrors (0ms)
			InitializePlatformSupportModulesInManaged (251ms)
			SetLoadedEditorAssemblies (3ms)
			RefreshPlugins (0ms)
			BeforeProcessingInitializeOnLoad (2ms)
			ProcessInitializeOnLoadAttributes (66ms)
			ProcessInitializeOnLoadMethodAttributes (33ms)
			AfterProcessingInitializeOnLoad (0ms)
			EditorAssembliesLoaded (0ms)
		ExecutionOrderSort2 (0ms)
		AwakeInstancesAfterBackupRestoration (0ms)
========================================================================
Worker process is ready to serve import requests
Begin MonoManager ReloadAssembly
- Loaded All Assemblies, in  0.382 seconds
Refreshing native plugins compatible for Editor in 1.62 ms, found 4 plugins.
Native extension for WindowsStandalone target not found
Native extension for Android target not found
Native extension for WebGL target not found
Package Manager log level set to [2]
[Package Manager] Server::EnsureServerProcessIsRunning -- launch failed, reason: Unity was launched with the -noUpm command-line argument
[Package Manager] UpmClient::Send -- Unable to send message (not connected to UPM process).
[Package Manager] Cannot connect to Unity Package Manager local server
Mono: successfully reloaded assembly
- Finished resetting the current domain, in  0.383 seconds
Domain Reload Profiling: 765ms
	BeginReloadAssembly (94ms)
		ExecutionOrderSort (0ms)
		DisableScriptedObjects (4ms)
		BackupInstance (0ms)
		ReleaseScriptingObjects (0ms)
		CreateAndSetChildDomain (14ms)
	RebuildCommonClasses (20ms)
	RebuildNativeTypeToScriptingClass (7ms)
	initialDomainReloadingComplete (24ms)
	LoadAllAssembliesAndSetupDomain (237ms)
		LoadAssemblies (178ms)
		RebuildTransferFunctionScriptingTraits (0ms)
		AnalyzeDomain (111ms)
			TypeCache.Refresh (95ms)
				TypeCache.ScanAssembly (84ms)
			ScanForSourceGeneratedMonoScriptInfo (13ms)
			ResolveRequiredComponents (3ms)
	FinalizeReload (383ms)
		ReleaseScriptCaches (0ms)
		RebuildScriptCaches (0ms)
		SetupLoadedEditorAssemblies (280ms)
			LogAssemblyErrors (0ms)
			InitializePlatformSupportModulesInManaged (17ms)
			SetLoadedEditorAssemblies (2ms)
			RefreshPlugins (0ms)
			BeforeProcessingInitializeOnLoad (38ms)
			ProcessInitializeOnLoadAttributes (197ms)
			ProcessInitializeOnLoadMethodAttributes (24ms)
			AfterProcessingInitializeOnLoad (1ms)
			EditorAssembliesLoaded (0ms)
		ExecutionOrderSort2 (0ms)
		AwakeInstancesAfterBackupRestoration (4ms)
Launched and connected shader compiler UnityShaderCompiler.exe after 0.03 seconds
Refreshing native plugins compatible for Editor in 1.76 ms, found 4 plugins.
Preloading 0 native plugins for Editor in 0.00 ms.
Unloading 4076 Unused Serialized files (Serialized files now loaded: 0)
Unloading 70 unused Assets / (244.3 KB). Loaded Objects now: 4536.
Memory consumption went from 154.7 MB to 154.5 MB.
Total: 2.947300 ms (FindLiveObjects: 0.422600 ms CreateObjectMapping: 0.144000 ms MarkObjects: 2.216100 ms  DeleteObjects: 0.163100 ms)

AssetImportParameters requested are different than current active one (requested -> active):
  custom:container-demuxer-ogg: 62fdf1f143b41e24485cea50d1cbac27 -> 
  custom:video-decoder-ogg-theora: a1e56fd34408186e4bbccfd4996cb3dc -> 
  custom:framework-win-MediaFoundation: 216162199b28c13a410421893ffa2e32 -> 
  custom:container-demuxer-webm: 4f35f7cbe854078d1ac9338744f61a02 -> 
  custom:container-muxer-webm: aa71ff27fc2769a1b78a27578f13a17b -> 
  custom:video-decoder-webm-vp8: 9c59270c3fd7afecdb556c50c9e8de78 -> 
  custom:SearchIndexIgnoredProperties: e643bd26f0fe6173181afceb89e7c659 -> 
  custom:AudioImporter_EditorPlatform: d09bf68614088b80899f8185d706f6e7 -> 
  custom:video-encoder-webm-vp8: eb34c28f22e8b96e1ab97ce403110664 -> 
  custom:audio-decoder-ogg-vorbis: bf7c407c2cedff20999df2af8eb42d56 -> 
  custom:audio-encoder-webm-vorbis: bf7c407c2cedff20999df2af8eb42d56 -> 
========================================================================
Received Import Request.
  Time since last request: 1824763.048813 seconds.
  path: Assets/Scenes/case1/House1.unity
  artifactKey: Guid(258631b62bd7e3f4583b7dcb5e6a1903) Importer(815301076,1909f56bfc062723c751e8b465ee728b)
Start importing Assets/Scenes/case1/House1.unity using Guid(258631b62bd7e3f4583b7dcb5e6a1903) Importer(815301076,1909f56bfc062723c751e8b465ee728b)  -> (artifact id: '477a9b3d3c75aec62d02cbbb34e63b4f') in 0.003185 seconds
Number of updated asset objects reloaded before import = 0
Number of asset objects unloaded after import = 0
========================================================================
Received Prepare
Refreshing native plugins compatible for Editor in 4.96 ms, found 4 plugins.
Preloading 0 native plugins for Editor in 0.00 ms.
Unloading 6 Unused Serialized files (Serialized files now loaded: 0)
Unloading 7 unused Assets / (195.5 KB). Loaded Objects now: 4536.
Memory consumption went from 86.8 MB to 86.6 MB.
Total: 3.300500 ms (FindLiveObjects: 0.390700 ms CreateObjectMapping: 0.131500 ms MarkObjects: 2.637000 ms  DeleteObjects: 0.140500 ms)

Prepare: number of updated asset objects reloaded= 0
AssetImportParameters requested are different than current active one (requested -> active):
  custom:container-demuxer-ogg: 62fdf1f143b41e24485cea50d1cbac27 -> 
  custom:video-decoder-ogg-theora: a1e56fd34408186e4bbccfd4996cb3dc -> 
  custom:framework-win-MediaFoundation: 216162199b28c13a410421893ffa2e32 -> 
  custom:CustomObjectIndexerAttribute: 756ad292c208cfabdd7b50bc23989ffe -> 
  custom:container-demuxer-webm: 4f35f7cbe854078d1ac9338744f61a02 -> 
  custom:container-muxer-webm: aa71ff27fc2769a1b78a27578f13a17b -> 
  custom:video-decoder-webm-vp8: 9c59270c3fd7afecdb556c50c9e8de78 -> 
  custom:SearchIndexIgnoredProperties: e643bd26f0fe6173181afceb89e7c659 -> 
  custom:AudioImporter_EditorPlatform: d09bf68614088b80899f8185d706f6e7 -> 
  custom:video-encoder-webm-vp8: eb34c28f22e8b96e1ab97ce403110664 -> 
  custom:audio-decoder-ogg-vorbis: bf7c407c2cedff20999df2af8eb42d56 -> 
  custom:audio-encoder-webm-vorbis: bf7c407c2cedff20999df2af8eb42d56 -> 
========================================================================
Received Import Request.
  Time since last request: 305.513031 seconds.
  path: Assets/Script/AttachCheck.cs
  artifactKey: Guid(bfb3bb775e8001a43be4c780109d1e6f) Importer(815301076,1909f56bfc062723c751e8b465ee728b)
Start importing Assets/Script/AttachCheck.cs using Guid(bfb3bb775e8001a43be4c780109d1e6f) Importer(815301076,1909f56bfc062723c751e8b465ee728b)  -> (artifact id: 'd5c888ad7b58281a3767034a4dbe1a8c') in 0.001327 seconds
Number of updated asset objects reloaded before import = 0
Number of asset objects unloaded after import = 0
========================================================================
Received Import Request.
  Time since last request: 2.361668 seconds.
  path: Assets/Script/BackToDialogue.cs
  artifactKey: Guid(a9a4b777db1d24c40a73279dab8deaee) Importer(815301076,1909f56bfc062723c751e8b465ee728b)
Start importing Assets/Script/BackToDialogue.cs using Guid(a9a4b777db1d24c40a73279dab8deaee) Importer(815301076,1909f56bfc062723c751e8b465ee728b)  -> (artifact id: '29c8c9797e6e8e4a4c26c4c92c27d014') in 0.000343 seconds
Number of updated asset objects reloaded before import = 0
Number of asset objects unloaded after import = 0
========================================================================
Received Prepare
Begin MonoManager ReloadAssembly
- Loaded All Assemblies, in  0.303 seconds
Refreshing native plugins compatible for Editor in 1.73 ms, found 4 plugins.
Native extension for WindowsStandalone target not found
Native extension for Android target not found
Native extension for WebGL target not found
[Package Manager] Server::EnsureServerProcessIsRunning -- launch failed, reason: Unity was launched with the -noUpm command-line argument
[Package Manager] UpmClient::Send -- Unable to send message (not connected to UPM process).
[Package Manager] Cannot connect to Unity Package Manager local server
Mono: successfully reloaded assembly
- Finished resetting the current domain, in  0.559 seconds
Domain Reload Profiling: 861ms
	BeginReloadAssembly (109ms)
		ExecutionOrderSort (0ms)
		DisableScriptedObjects (7ms)
		BackupInstance (0ms)
		ReleaseScriptingObjects (0ms)
		CreateAndSetChildDomain (25ms)
	RebuildCommonClasses (22ms)
	RebuildNativeTypeToScriptingClass (7ms)
	initialDomainReloadingComplete (16ms)
	LoadAllAssembliesAndSetupDomain (148ms)
		LoadAssemblies (183ms)
		RebuildTransferFunctionScriptingTraits (0ms)
		AnalyzeDomain (20ms)
			TypeCache.Refresh (7ms)
				TypeCache.ScanAssembly (1ms)
			ScanForSourceGeneratedMonoScriptInfo (8ms)
			ResolveRequiredComponents (3ms)
	FinalizeReload (559ms)
		ReleaseScriptCaches (0ms)
		RebuildScriptCaches (0ms)
		SetupLoadedEditorAssemblies (247ms)
			LogAssemblyErrors (0ms)
			InitializePlatformSupportModulesInManaged (16ms)
			SetLoadedEditorAssemblies (2ms)
			RefreshPlugins (0ms)
			BeforeProcessingInitializeOnLoad (39ms)
			ProcessInitializeOnLoadAttributes (169ms)
			ProcessInitializeOnLoadMethodAttributes (19ms)
			AfterProcessingInitializeOnLoad (1ms)
			EditorAssembliesLoaded (0ms)
		ExecutionOrderSort2 (0ms)
		AwakeInstancesAfterBackupRestoration (8ms)
Refreshing native plugins compatible for Editor in 1.64 ms, found 4 plugins.
Preloading 0 native plugins for Editor in 0.00 ms.
Unloading 4056 Unused Serialized files (Serialized files now loaded: 0)
Unloading 42 unused Assets / (216.9 KB). Loaded Objects now: 4541.
Memory consumption went from 151.2 MB to 151.0 MB.
Total: 2.374400 ms (FindLiveObjects: 0.171900 ms CreateObjectMapping: 0.091800 ms MarkObjects: 1.972300 ms  DeleteObjects: 0.137600 ms)

Prepare: number of updated asset objects reloaded= 0
AssetImportParameters requested are different than current active one (requested -> active):
  custom:container-demuxer-ogg: 62fdf1f143b41e24485cea50d1cbac27 -> 
  custom:video-decoder-ogg-theora: a1e56fd34408186e4bbccfd4996cb3dc -> 
  custom:framework-win-MediaFoundation: 216162199b28c13a410421893ffa2e32 -> 
  custom:CustomObjectIndexerAttribute: 756ad292c208cfabdd7b50bc23989ffe -> 
  custom:container-demuxer-webm: 4f35f7cbe854078d1ac9338744f61a02 -> 
  custom:container-muxer-webm: aa71ff27fc2769a1b78a27578f13a17b -> 
  custom:video-decoder-webm-vp8: 9c59270c3fd7afecdb556c50c9e8de78 -> 
  custom:SearchIndexIgnoredProperties: e643bd26f0fe6173181afceb89e7c659 -> 
  custom:AudioImporter_EditorPlatform: d09bf68614088b80899f8185d706f6e7 -> 
  custom:video-encoder-webm-vp8: eb34c28f22e8b96e1ab97ce403110664 -> 
  custom:audio-decoder-ogg-vorbis: bf7c407c2cedff20999df2af8eb42d56 -> 
  custom:audio-encoder-webm-vorbis: bf7c407c2cedff20999df2af8eb42d56 -> 
========================================================================
Received Import Request.
  Time since last request: 4.191874 seconds.
  path: Assets/Script/ChangeScence.cs
  artifactKey: Guid(b22d7e9ef1e4a22478d3e30ccdefba60) Importer(815301076,1909f56bfc062723c751e8b465ee728b)
Start importing Assets/Script/ChangeScence.cs using Guid(b22d7e9ef1e4a22478d3e30ccdefba60) Importer(815301076,1909f56bfc062723c751e8b465ee728b)  -> (artifact id: 'b1a759add881e051a4ba726d8049e48f') in 0.001870 seconds
Number of updated asset objects reloaded before import = 0
Number of asset objects unloaded after import = 0
========================================================================
Received Prepare
Begin MonoManager ReloadAssembly
- Loaded All Assemblies, in  0.291 seconds
Refreshing native plugins compatible for Editor in 1.69 ms, found 4 plugins.
Native extension for WindowsStandalone target not found
Native extension for Android target not found
Native extension for WebGL target not found
[Package Manager] Server::EnsureServerProcessIsRunning -- launch failed, reason: Unity was launched with the -noUpm command-line argument
[Package Manager] UpmClient::Send -- Unable to send message (not connected to UPM process).
[Package Manager] Cannot connect to Unity Package Manager local server
Mono: successfully reloaded assembly
- Finished resetting the current domain, in  0.543 seconds
Domain Reload Profiling: 834ms
	BeginReloadAssembly (105ms)
		ExecutionOrderSort (0ms)
		DisableScriptedObjects (7ms)
		BackupInstance (0ms)
		ReleaseScriptingObjects (0ms)
		CreateAndSetChildDomain (25ms)
	RebuildCommonClasses (21ms)
	RebuildNativeTypeToScriptingClass (7ms)
	initialDomainReloadingComplete (16ms)
	LoadAllAssembliesAndSetupDomain (142ms)
		LoadAssemblies (175ms)
		RebuildTransferFunctionScriptingTraits (0ms)
		AnalyzeDomain (18ms)
			TypeCache.Refresh (7ms)
				TypeCache.ScanAssembly (1ms)
			ScanForSourceGeneratedMonoScriptInfo (7ms)
			ResolveRequiredComponents (3ms)
	FinalizeReload (543ms)
		ReleaseScriptCaches (0ms)
		RebuildScriptCaches (0ms)
		SetupLoadedEditorAssemblies (264ms)
			LogAssemblyErrors (0ms)
			InitializePlatformSupportModulesInManaged (15ms)
			SetLoadedEditorAssemblies (2ms)
			RefreshPlugins (0ms)
			BeforeProcessingInitializeOnLoad (41ms)
			ProcessInitializeOnLoadAttributes (184ms)
			ProcessInitializeOnLoadMethodAttributes (21ms)
			AfterProcessingInitializeOnLoad (1ms)
			EditorAssembliesLoaded (0ms)
		ExecutionOrderSort2 (0ms)
		AwakeInstancesAfterBackupRestoration (9ms)
Refreshing native plugins compatible for Editor in 1.55 ms, found 4 plugins.
Preloading 0 native plugins for Editor in 0.00 ms.
Unloading 4056 Unused Serialized files (Serialized files now loaded: 0)
Unloading 42 unused Assets / (216.7 KB). Loaded Objects now: 4545.
Memory consumption went from 153.2 MB to 152.9 MB.
Total: 2.846500 ms (FindLiveObjects: 0.179300 ms CreateObjectMapping: 0.092500 ms MarkObjects: 2.391300 ms  DeleteObjects: 0.182100 ms)

Prepare: number of updated asset objects reloaded= 0
AssetImportParameters requested are different than current active one (requested -> active):
  custom:container-demuxer-ogg: 62fdf1f143b41e24485cea50d1cbac27 -> 
  custom:video-decoder-ogg-theora: a1e56fd34408186e4bbccfd4996cb3dc -> 
  custom:framework-win-MediaFoundation: 216162199b28c13a410421893ffa2e32 -> 
  custom:CustomObjectIndexerAttribute: 756ad292c208cfabdd7b50bc23989ffe -> 
  custom:container-demuxer-webm: 4f35f7cbe854078d1ac9338744f61a02 -> 
  custom:container-muxer-webm: aa71ff27fc2769a1b78a27578f13a17b -> 
  custom:video-decoder-webm-vp8: 9c59270c3fd7afecdb556c50c9e8de78 -> 
  custom:SearchIndexIgnoredProperties: e643bd26f0fe6173181afceb89e7c659 -> 
  custom:AudioImporter_EditorPlatform: d09bf68614088b80899f8185d706f6e7 -> 
  custom:video-encoder-webm-vp8: eb34c28f22e8b96e1ab97ce403110664 -> 
  custom:audio-decoder-ogg-vorbis: bf7c407c2cedff20999df2af8eb42d56 -> 
  custom:audio-encoder-webm-vorbis: bf7c407c2cedff20999df2af8eb42d56 -> 
========================================================================
Received Prepare
Begin MonoManager ReloadAssembly
- Loaded All Assemblies, in  0.294 seconds
Refreshing native plugins compatible for Editor in 1.56 ms, found 4 plugins.
Native extension for WindowsStandalone target not found
Native extension for Android target not found
Native extension for WebGL target not found
[Package Manager] Server::EnsureServerProcessIsRunning -- launch failed, reason: Unity was launched with the -noUpm command-line argument
[Package Manager] UpmClient::Send -- Unable to send message (not connected to UPM process).
[Package Manager] Cannot connect to Unity Package Manager local server
Mono: successfully reloaded assembly
- Finished resetting the current domain, in  0.525 seconds
Domain Reload Profiling: 819ms
	BeginReloadAssembly (117ms)
		ExecutionOrderSort (0ms)
		DisableScriptedObjects (7ms)
		BackupInstance (0ms)
		ReleaseScriptingObjects (0ms)
		CreateAndSetChildDomain (29ms)
	RebuildCommonClasses (21ms)
	RebuildNativeTypeToScriptingClass (7ms)
	initialDomainReloadingComplete (16ms)
	LoadAllAssembliesAndSetupDomain (134ms)
		LoadAssemblies (172ms)
		RebuildTransferFunctionScriptingTraits (0ms)
		AnalyzeDomain (18ms)
			TypeCache.Refresh (7ms)
				TypeCache.ScanAssembly (1ms)
			ScanForSourceGeneratedMonoScriptInfo (7ms)
			ResolveRequiredComponents (3ms)
	FinalizeReload (526ms)
		ReleaseScriptCaches (0ms)
		RebuildScriptCaches (0ms)
		SetupLoadedEditorAssemblies (257ms)
			LogAssemblyErrors (0ms)
			InitializePlatformSupportModulesInManaged (15ms)
			SetLoadedEditorAssemblies (2ms)
			RefreshPlugins (0ms)
			BeforeProcessingInitializeOnLoad (41ms)
			ProcessInitializeOnLoadAttributes (177ms)
			ProcessInitializeOnLoadMethodAttributes (20ms)
			AfterProcessingInitializeOnLoad (1ms)
			EditorAssembliesLoaded (0ms)
		ExecutionOrderSort2 (0ms)
		AwakeInstancesAfterBackupRestoration (9ms)
Refreshing native plugins compatible for Editor in 1.55 ms, found 4 plugins.
Preloading 0 native plugins for Editor in 0.00 ms.
Unloading 4057 Unused Serialized files (Serialized files now loaded: 0)
Unloading 42 unused Assets / (216.7 KB). Loaded Objects now: 4549.
Memory consumption went from 155.3 MB to 155.1 MB.
Total: 2.104200 ms (FindLiveObjects: 0.170500 ms CreateObjectMapping: 0.084800 ms MarkObjects: 1.721700 ms  DeleteObjects: 0.126500 ms)

Prepare: number of updated asset objects reloaded= 0
AssetImportParameters requested are different than current active one (requested -> active):
  custom:container-demuxer-ogg: 62fdf1f143b41e24485cea50d1cbac27 -> 
  custom:video-decoder-ogg-theora: a1e56fd34408186e4bbccfd4996cb3dc -> 
  custom:framework-win-MediaFoundation: 216162199b28c13a410421893ffa2e32 -> 
  custom:CustomObjectIndexerAttribute: 756ad292c208cfabdd7b50bc23989ffe -> 
  custom:container-demuxer-webm: 4f35f7cbe854078d1ac9338744f61a02 -> 
  custom:container-muxer-webm: aa71ff27fc2769a1b78a27578f13a17b -> 
  custom:video-decoder-webm-vp8: 9c59270c3fd7afecdb556c50c9e8de78 -> 
  custom:SearchIndexIgnoredProperties: e643bd26f0fe6173181afceb89e7c659 -> 
  custom:AudioImporter_EditorPlatform: d09bf68614088b80899f8185d706f6e7 -> 
  custom:video-encoder-webm-vp8: eb34c28f22e8b96e1ab97ce403110664 -> 
  custom:audio-decoder-ogg-vorbis: bf7c407c2cedff20999df2af8eb42d56 -> 
  custom:audio-encoder-webm-vorbis: bf7c407c2cedff20999df2af8eb42d56 -> 
========================================================================
Received Import Request.
  Time since last request: 13.688736 seconds.
  path: Assets/Script/DialogueCallSript/UiEventManager.cs
  artifactKey: Guid(4c003bc57984ddc438c4c5cdbae36f28) Importer(815301076,1909f56bfc062723c751e8b465ee728b)
Start importing Assets/Script/DialogueCallSript/UiEventManager.cs using Guid(4c003bc57984ddc438c4c5cdbae36f28) Importer(815301076,1909f56bfc062723c751e8b465ee728b)  -> (artifact id: 'bafe9b751bf2fccf0985949af09d4bd4') in 0.001873 seconds
Number of updated asset objects reloaded before import = 0
Number of asset objects unloaded after import = 0
========================================================================
Received Prepare
Begin MonoManager ReloadAssembly
- Loaded All Assemblies, in  0.296 seconds
Refreshing native plugins compatible for Editor in 1.96 ms, found 4 plugins.
Native extension for WindowsStandalone target not found
Native extension for Android target not found
Native extension for WebGL target not found
[Package Manager] Server::EnsureServerProcessIsRunning -- launch failed, reason: Unity was launched with the -noUpm command-line argument
[Package Manager] UpmClient::Send -- Unable to send message (not connected to UPM process).
[Package Manager] Cannot connect to Unity Package Manager local server
Mono: successfully reloaded assembly
- Finished resetting the current domain, in  0.539 seconds
Domain Reload Profiling: 836ms
	BeginReloadAssembly (108ms)
		ExecutionOrderSort (0ms)
		DisableScriptedObjects (10ms)
		BackupInstance (0ms)
		ReleaseScriptingObjects (0ms)
		CreateAndSetChildDomain (26ms)
	RebuildCommonClasses (25ms)
	RebuildNativeTypeToScriptingClass (8ms)
	initialDomainReloadingComplete (15ms)
	LoadAllAssembliesAndSetupDomain (139ms)
		LoadAssemblies (172ms)
		RebuildTransferFunctionScriptingTraits (0ms)
		AnalyzeDomain (19ms)
			TypeCache.Refresh (8ms)
				TypeCache.ScanAssembly (1ms)
			ScanForSourceGeneratedMonoScriptInfo (7ms)
			ResolveRequiredComponents (4ms)
	FinalizeReload (540ms)
		ReleaseScriptCaches (0ms)
		RebuildScriptCaches (0ms)
		SetupLoadedEditorAssemblies (264ms)
			LogAssemblyErrors (0ms)
			InitializePlatformSupportModulesInManaged (15ms)
			SetLoadedEditorAssemblies (2ms)
			RefreshPlugins (0ms)
			BeforeProcessingInitializeOnLoad (40ms)
			ProcessInitializeOnLoadAttributes (182ms)
			ProcessInitializeOnLoadMethodAttributes (23ms)
			AfterProcessingInitializeOnLoad (1ms)
			EditorAssembliesLoaded (0ms)
		ExecutionOrderSort2 (0ms)
		AwakeInstancesAfterBackupRestoration (9ms)
Refreshing native plugins compatible for Editor in 1.63 ms, found 4 plugins.
Preloading 0 native plugins for Editor in 0.00 ms.
Unloading 4056 Unused Serialized files (Serialized files now loaded: 0)
Unloading 42 unused Assets / (216.8 KB). Loaded Objects now: 4553.
Memory consumption went from 157.0 MB to 156.8 MB.
Total: 2.234900 ms (FindLiveObjects: 0.185800 ms CreateObjectMapping: 0.089500 ms MarkObjects: 1.813400 ms  DeleteObjects: 0.145700 ms)

Prepare: number of updated asset objects reloaded= 0
AssetImportParameters requested are different than current active one (requested -> active):
  custom:container-demuxer-ogg: 62fdf1f143b41e24485cea50d1cbac27 -> 
  custom:video-decoder-ogg-theora: a1e56fd34408186e4bbccfd4996cb3dc -> 
  custom:framework-win-MediaFoundation: 216162199b28c13a410421893ffa2e32 -> 
  custom:CustomObjectIndexerAttribute: 756ad292c208cfabdd7b50bc23989ffe -> 
  custom:container-demuxer-webm: 4f35f7cbe854078d1ac9338744f61a02 -> 
  custom:container-muxer-webm: aa71ff27fc2769a1b78a27578f13a17b -> 
  custom:video-decoder-webm-vp8: 9c59270c3fd7afecdb556c50c9e8de78 -> 
  custom:SearchIndexIgnoredProperties: e643bd26f0fe6173181afceb89e7c659 -> 
  custom:AudioImporter_EditorPlatform: d09bf68614088b80899f8185d706f6e7 -> 
  custom:video-encoder-webm-vp8: eb34c28f22e8b96e1ab97ce403110664 -> 
  custom:audio-decoder-ogg-vorbis: bf7c407c2cedff20999df2af8eb42d56 -> 
  custom:audio-encoder-webm-vorbis: bf7c407c2cedff20999df2af8eb42d56 -> 
========================================================================
Received Prepare
Begin MonoManager ReloadAssembly
- Loaded All Assemblies, in  0.294 seconds
Refreshing native plugins compatible for Editor in 1.83 ms, found 4 plugins.
Native extension for WindowsStandalone target not found
Native extension for Android target not found
Native extension for WebGL target not found
[Package Manager] Server::EnsureServerProcessIsRunning -- launch failed, reason: Unity was launched with the -noUpm command-line argument
[Package Manager] UpmClient::Send -- Unable to send message (not connected to UPM process).
[Package Manager] Cannot connect to Unity Package Manager local server
Mono: successfully reloaded assembly
- Finished resetting the current domain, in  0.517 seconds
Domain Reload Profiling: 811ms
	BeginReloadAssembly (105ms)
		ExecutionOrderSort (0ms)
		DisableScriptedObjects (7ms)
		BackupInstance (0ms)
		ReleaseScriptingObjects (0ms)
		CreateAndSetChildDomain (25ms)
	RebuildCommonClasses (20ms)
	RebuildNativeTypeToScriptingClass (7ms)
	initialDomainReloadingComplete (18ms)
	LoadAllAssembliesAndSetupDomain (143ms)
		LoadAssemblies (174ms)
		RebuildTransferFunctionScriptingTraits (0ms)
		AnalyzeDomain (22ms)
			TypeCache.Refresh (9ms)
				TypeCache.ScanAssembly (1ms)
			ScanForSourceGeneratedMonoScriptInfo (8ms)
			ResolveRequiredComponents (4ms)
	FinalizeReload (517ms)
		ReleaseScriptCaches (0ms)
		RebuildScriptCaches (0ms)
		SetupLoadedEditorAssemblies (257ms)
			LogAssemblyErrors (0ms)
			InitializePlatformSupportModulesInManaged (15ms)
			SetLoadedEditorAssemblies (2ms)
			RefreshPlugins (0ms)
			BeforeProcessingInitializeOnLoad (39ms)
			ProcessInitializeOnLoadAttributes (179ms)
			ProcessInitializeOnLoadMethodAttributes (21ms)
			AfterProcessingInitializeOnLoad (1ms)
			EditorAssembliesLoaded (0ms)
		ExecutionOrderSort2 (0ms)
		AwakeInstancesAfterBackupRestoration (8ms)
Refreshing native plugins compatible for Editor in 1.58 ms, found 4 plugins.
Preloading 0 native plugins for Editor in 0.00 ms.
Unloading 4057 Unused Serialized files (Serialized files now loaded: 0)
Unloading 42 unused Assets / (216.8 KB). Loaded Objects now: 4557.
Memory consumption went from 159.2 MB to 159.0 MB.
Total: 2.133900 ms (FindLiveObjects: 0.173300 ms CreateObjectMapping: 0.092200 ms MarkObjects: 1.738900 ms  DeleteObjects: 0.128900 ms)

Prepare: number of updated asset objects reloaded= 0
AssetImportParameters requested are different than current active one (requested -> active):
  custom:container-demuxer-ogg: 62fdf1f143b41e24485cea50d1cbac27 -> 
  custom:video-decoder-ogg-theora: a1e56fd34408186e4bbccfd4996cb3dc -> 
  custom:framework-win-MediaFoundation: 216162199b28c13a410421893ffa2e32 -> 
  custom:CustomObjectIndexerAttribute: 756ad292c208cfabdd7b50bc23989ffe -> 
  custom:container-demuxer-webm: 4f35f7cbe854078d1ac9338744f61a02 -> 
  custom:container-muxer-webm: aa71ff27fc2769a1b78a27578f13a17b -> 
  custom:video-decoder-webm-vp8: 9c59270c3fd7afecdb556c50c9e8de78 -> 
  custom:SearchIndexIgnoredProperties: e643bd26f0fe6173181afceb89e7c659 -> 
  custom:AudioImporter_EditorPlatform: d09bf68614088b80899f8185d706f6e7 -> 
  custom:video-encoder-webm-vp8: eb34c28f22e8b96e1ab97ce403110664 -> 
  custom:audio-decoder-ogg-vorbis: bf7c407c2cedff20999df2af8eb42d56 -> 
  custom:audio-encoder-webm-vorbis: bf7c407c2cedff20999df2af8eb42d56 -> 
========================================================================
Received Import Request.
  Time since last request: 82.984713 seconds.
  path: Assets/Asset/School
  artifactKey: Guid(0193b687d5b3f894eb42d8cf1f7366b5) Importer(815301076,1909f56bfc062723c751e8b465ee728b)
Start importing Assets/Asset/School using Guid(0193b687d5b3f894eb42d8cf1f7366b5) Importer(815301076,1909f56bfc062723c751e8b465ee728b)  -> (artifact id: '1155f3619c3d9f4cafff67de5cfa4af9') in 0.002141 seconds
Number of updated asset objects reloaded before import = 0
Number of asset objects unloaded after import = 0
========================================================================
Received Import Request.
  Time since last request: 5.721800 seconds.
  path: Assets/Asset/School/Classroom_A2.png
  artifactKey: Guid(4d419ed5099df724793b0314042078e7) Importer(815301076,1909f56bfc062723c751e8b465ee728b)
Start importing Assets/Asset/School/Classroom_A2.png using Guid(4d419ed5099df724793b0314042078e7) Importer(815301076,1909f56bfc062723c751e8b465ee728b)  -> (artifact id: 'ba1b9445324e429f8addbb8a207bb926') in 0.061918 seconds
Number of updated asset objects reloaded before import = 0
Number of asset objects unloaded after import = 3
========================================================================
Received Import Request.
  Time since last request: 3.054734 seconds.
  path: Assets/Asset/School/Classroom_A4.png
  artifactKey: Guid(ee21b9d84a8b66549972742303b22174) Importer(815301076,1909f56bfc062723c751e8b465ee728b)
Start importing Assets/Asset/School/Classroom_A4.png using Guid(ee21b9d84a8b66549972742303b22174) Importer(815301076,1909f56bfc062723c751e8b465ee728b)  -> (artifact id: '43b7af029ab9696f19650ec2b031474b') in 0.019807 seconds
Number of updated asset objects reloaded before import = 0
Number of asset objects unloaded after import = 3
========================================================================
Received Import Request.
  Time since last request: 1.585766 seconds.
  path: Assets/Asset/School/Classroom_B.png
  artifactKey: Guid(7a01a6a5c8ae49e4ca24a1af5f4304a4) Importer(815301076,1909f56bfc062723c751e8b465ee728b)
Start importing Assets/Asset/School/Classroom_B.png using Guid(7a01a6a5c8ae49e4ca24a1af5f4304a4) Importer(815301076,1909f56bfc062723c751e8b465ee728b)  -> (artifact id: 'b49f72e4fc33313fcfefd3d8c0dca9ac') in 0.013587 seconds
Number of updated asset objects reloaded before import = 0
Number of asset objects unloaded after import = 3
========================================================================
Received Import Request.
  Time since last request: 5.442653 seconds.
  path: Assets/Asset/School/Classroom_A2.png
  artifactKey: Guid(4d419ed5099df724793b0314042078e7) Importer(815301076,1909f56bfc062723c751e8b465ee728b)
Start importing Assets/Asset/School/Classroom_A2.png using Guid(4d419ed5099df724793b0314042078e7) Importer(815301076,1909f56bfc062723c751e8b465ee728b)  -> (artifact id: '5c9b1a72ce2a4c6644bffa8457f5df8e') in 0.012658 seconds
Number of updated asset objects reloaded before import = 0
Number of asset objects unloaded after import = 2
========================================================================
Received Import Request.
  Time since last request: 59.688569 seconds.
  path: Assets/Asset/School/Classroom_A2.png
  artifactKey: Guid(4d419ed5099df724793b0314042078e7) Importer(815301076,1909f56bfc062723c751e8b465ee728b)
Start importing Assets/Asset/School/Classroom_A2.png using Guid(4d419ed5099df724793b0314042078e7) Importer(815301076,1909f56bfc062723c751e8b465ee728b)  -> (artifact id: '7e0ba944a3c1ab8b04a6f3d9849ec4c6') in 0.141150 seconds
Number of updated asset objects reloaded before import = 0
Number of asset objects unloaded after import = 22
========================================================================
Received Import Request.
  Time since last request: 79.769251 seconds.
  path: Assets/Asset/School/Classroom_A2.png
  artifactKey: Guid(4d419ed5099df724793b0314042078e7) Importer(815301076,1909f56bfc062723c751e8b465ee728b)
Start importing Assets/Asset/School/Classroom_A2.png using Guid(4d419ed5099df724793b0314042078e7) Importer(815301076,1909f56bfc062723c751e8b465ee728b)  -> (artifact id: '0a95798de44051c74f0bea0ce0d5ce3b') in 0.099523 seconds
Number of updated asset objects reloaded before import = 0
Number of asset objects unloaded after import = 22
========================================================================
Received Import Request.
  Time since last request: 8.853082 seconds.
  path: Assets/Asset/School/Classroom_A2.png
  artifactKey: Guid(4d419ed5099df724793b0314042078e7) Importer(815301076,1909f56bfc062723c751e8b465ee728b)
Start importing Assets/Asset/School/Classroom_A2.png using Guid(4d419ed5099df724793b0314042078e7) Importer(815301076,1909f56bfc062723c751e8b465ee728b)  -> (artifact id: '562a6e86945c1e22112f2cfb48b4bc16') in 0.167057 seconds
Number of updated asset objects reloaded before import = 0
Number of asset objects unloaded after import = 22
========================================================================
Received Import Request.
  Time since last request: 4.083818 seconds.
  path: Assets/Asset/School/Classroom_A2.png
  artifactKey: Guid(4d419ed5099df724793b0314042078e7) Importer(815301076,1909f56bfc062723c751e8b465ee728b)
Start importing Assets/Asset/School/Classroom_A2.png using Guid(4d419ed5099df724793b0314042078e7) Importer(815301076,1909f56bfc062723c751e8b465ee728b)  -> (artifact id: '26478825b852af18d817ee2acce3936d') in 0.129552 seconds
Number of updated asset objects reloaded before import = 0
Number of asset objects unloaded after import = 22
========================================================================
Received Import Request.
  Time since last request: 4.673022 seconds.
  path: Assets/Asset/School/Classroom_A2.png
  artifactKey: Guid(4d419ed5099df724793b0314042078e7) Importer(815301076,1909f56bfc062723c751e8b465ee728b)
Start importing Assets/Asset/School/Classroom_A2.png using Guid(4d419ed5099df724793b0314042078e7) Importer(815301076,1909f56bfc062723c751e8b465ee728b)  -> (artifact id: 'a5fad8e26f5b452a0609924ca815eb2b') in 0.111269 seconds
Number of updated asset objects reloaded before import = 0
Number of asset objects unloaded after import = 22
========================================================================
Received Import Request.
  Time since last request: 161.880904 seconds.
  path: Assets/Asset/School/Classroom_A2.png
  artifactKey: Guid(4d419ed5099df724793b0314042078e7) Importer(815301076,1909f56bfc062723c751e8b465ee728b)
Start importing Assets/Asset/School/Classroom_A2.png using Guid(4d419ed5099df724793b0314042078e7) Importer(815301076,1909f56bfc062723c751e8b465ee728b)  -> (artifact id: '9b4d5abd4e362a9b3891f3dfc74f3392') in 0.060959 seconds
Number of updated asset objects reloaded before import = 0
Number of asset objects unloaded after import = 22
========================================================================
Received Import Request.
  Time since last request: 26.153951 seconds.
  path: Assets/Asset/School/Classroom_A2.png
  artifactKey: Guid(4d419ed5099df724793b0314042078e7) Importer(815301076,1909f56bfc062723c751e8b465ee728b)
Start importing Assets/Asset/School/Classroom_A2.png using Guid(4d419ed5099df724793b0314042078e7) Importer(815301076,1909f56bfc062723c751e8b465ee728b)  -> (artifact id: 'da3f1b78568ddf95293c77a616b50461') in 0.028700 seconds
Number of updated asset objects reloaded before import = 0
Number of asset objects unloaded after import = 22
========================================================================
Received Import Request.
  Time since last request: 118.678615 seconds.
  path: Assets/Asset/School/Classroom_B.png
  artifactKey: Guid(7a01a6a5c8ae49e4ca24a1af5f4304a4) Importer(815301076,1909f56bfc062723c751e8b465ee728b)
Start importing Assets/Asset/School/Classroom_B.png using Guid(7a01a6a5c8ae49e4ca24a1af5f4304a4) Importer(815301076,1909f56bfc062723c751e8b465ee728b)  -> (artifact id: 'a131fbd53eea0556ff379313fb7268fd') in 0.013772 seconds
Number of updated asset objects reloaded before import = 0
Number of asset objects unloaded after import = 2
========================================================================
Received Import Request.
  Time since last request: 21.309883 seconds.
  path: Assets/Asset/School/Classroom_B.png
  artifactKey: Guid(7a01a6a5c8ae49e4ca24a1af5f4304a4) Importer(815301076,1909f56bfc062723c751e8b465ee728b)
Start importing Assets/Asset/School/Classroom_B.png using Guid(7a01a6a5c8ae49e4ca24a1af5f4304a4) Importer(815301076,1909f56bfc062723c751e8b465ee728b)  -> (artifact id: '8dc4a01d1bdd5489c4cb7dfe4bbf444a') in 0.285700 seconds
Number of updated asset objects reloaded before import = 0
Number of asset objects unloaded after import = 94
========================================================================
Received Import Request.
  Time since last request: 9.162040 seconds.
  path: Assets/Asset/School/Classroom_A4.png
  artifactKey: Guid(ee21b9d84a8b66549972742303b22174) Importer(815301076,1909f56bfc062723c751e8b465ee728b)
Start importing Assets/Asset/School/Classroom_A4.png using Guid(ee21b9d84a8b66549972742303b22174) Importer(815301076,1909f56bfc062723c751e8b465ee728b)  -> (artifact id: 'a52deb4d5906b66bbf72f36b23dab927') in 0.012422 seconds
Number of updated asset objects reloaded before import = 0
Number of asset objects unloaded after import = 2
========================================================================
Received Import Request.
  Time since last request: 699.917948 seconds.
  path: Assets/Asset/House
  artifactKey: Guid(25ebbc732f25fc04786774210cce10bd) Importer(815301076,1909f56bfc062723c751e8b465ee728b)
Start importing Assets/Asset/House using Guid(25ebbc732f25fc04786774210cce10bd) Importer(815301076,1909f56bfc062723c751e8b465ee728b)  -> (artifact id: '660ebb3306d45318f3c34216f4de5a46') in 0.000663 seconds
Number of updated asset objects reloaded before import = 0
Number of asset objects unloaded after import = 0
========================================================================
Received Import Request.
  Time since last request: 16.736252 seconds.
  path: Assets/Asset/House/TopDownHouse_FloorsAndWalls.png
  artifactKey: Guid(55a546936784672459ea9e892259e918) Importer(815301076,1909f56bfc062723c751e8b465ee728b)
Start importing Assets/Asset/House/TopDownHouse_FloorsAndWalls.png using Guid(55a546936784672459ea9e892259e918) Importer(815301076,1909f56bfc062723c751e8b465ee728b)  -> (artifact id: 'de532b9acbe02b951db97c46908e5549') in 0.025250 seconds
Number of updated asset objects reloaded before import = 0
Number of asset objects unloaded after import = 3
========================================================================
Received Import Request.
  Time since last request: 3.488859 seconds.
  path: Assets/Asset/House/TopDownHouse_FloorsAndWalls.png
  artifactKey: Guid(55a546936784672459ea9e892259e918) Importer(815301076,1909f56bfc062723c751e8b465ee728b)
Start importing Assets/Asset/House/TopDownHouse_FloorsAndWalls.png using Guid(55a546936784672459ea9e892259e918) Importer(815301076,1909f56bfc062723c751e8b465ee728b)  -> (artifact id: 'e83041b20cdbd5808ea0c5f1c4c4fb40') in 0.011630 seconds
Number of updated asset objects reloaded before import = 0
Number of asset objects unloaded after import = 2
========================================================================
Received Import Request.
  Time since last request: 144.487889 seconds.
  path: Assets/Asset/House/TopDownHouse_FloorsAndWalls.png
  artifactKey: Guid(55a546936784672459ea9e892259e918) Importer(815301076,1909f56bfc062723c751e8b465ee728b)
Start importing Assets/Asset/House/TopDownHouse_FloorsAndWalls.png using Guid(55a546936784672459ea9e892259e918) Importer(815301076,1909f56bfc062723c751e8b465ee728b)  -> (artifact id: 'b93db9d038d2a8550193b7e918a5eb01') in 0.017085 seconds
Number of updated asset objects reloaded before import = 0
Number of asset objects unloaded after import = 3
========================================================================
Received Import Request.
  Time since last request: 3.322728 seconds.
  path: Assets/Asset/House/TopDownHouse_FloorsAndWalls.png
  artifactKey: Guid(55a546936784672459ea9e892259e918) Importer(815301076,1909f56bfc062723c751e8b465ee728b)
Start importing Assets/Asset/House/TopDownHouse_FloorsAndWalls.png using Guid(55a546936784672459ea9e892259e918) Importer(815301076,1909f56bfc062723c751e8b465ee728b)  -> (artifact id: '19449285fd46f5fcc07ffe1c49428fdb') in 0.010733 seconds
Number of updated asset objects reloaded before import = 0
Number of asset objects unloaded after import = 2
========================================================================
Received Import Request.
  Time since last request: 112.418442 seconds.
  path: Assets/Asset/House/TopDownHouse_FloorsAndWalls.png
  artifactKey: Guid(55a546936784672459ea9e892259e918) Importer(815301076,1909f56bfc062723c751e8b465ee728b)
Start importing Assets/Asset/House/TopDownHouse_FloorsAndWalls.png using Guid(55a546936784672459ea9e892259e918) Importer(815301076,1909f56bfc062723c751e8b465ee728b)  -> (artifact id: '0b0efffc7b563ef838e60a5b7a5ea530') in 0.049646 seconds
Number of updated asset objects reloaded before import = 0
Number of asset objects unloaded after import = 4
========================================================================
Received Import Request.
  Time since last request: 25.007828 seconds.
  path: Assets/Asset/House/TopDownHouse_FloorsAndWalls.png
  artifactKey: Guid(55a546936784672459ea9e892259e918) Importer(815301076,1909f56bfc062723c751e8b465ee728b)
Start importing Assets/Asset/House/TopDownHouse_FloorsAndWalls.png using Guid(55a546936784672459ea9e892259e918) Importer(815301076,1909f56bfc062723c751e8b465ee728b)  -> (artifact id: 'a2160b4b4bc4d0d28c8db3fd484cc382') in 0.033578 seconds
Number of updated asset objects reloaded before import = 0
Number of asset objects unloaded after import = 4
========================================================================
Received Import Request.
  Time since last request: 241.631728 seconds.
  path: Assets/Asset/House/interior free.png
  artifactKey: Guid(4d1dfa75a2305dd4db7f589daf3875d8) Importer(815301076,1909f56bfc062723c751e8b465ee728b)
Start importing Assets/Asset/House/interior free.png using Guid(4d1dfa75a2305dd4db7f589daf3875d8) Importer(815301076,1909f56bfc062723c751e8b465ee728b)  -> (artifact id: '3abf2ca1f698cb296d23b1e3e20291e0') in 0.018356 seconds
Number of updated asset objects reloaded before import = 0
Number of asset objects unloaded after import = 3
========================================================================
Received Import Request.
  Time since last request: 9.039510 seconds.
  path: Assets/Asset/House/interior free.png
  artifactKey: Guid(4d1dfa75a2305dd4db7f589daf3875d8) Importer(815301076,1909f56bfc062723c751e8b465ee728b)
Start importing Assets/Asset/House/interior free.png using Guid(4d1dfa75a2305dd4db7f589daf3875d8) Importer(815301076,1909f56bfc062723c751e8b465ee728b)  -> (artifact id: 'b9f3dc5fa8612e31f42256455e8184f3') in 0.009829 seconds
Number of updated asset objects reloaded before import = 0
Number of asset objects unloaded after import = 2
========================================================================
Received Import Request.
  Time since last request: 40.367202 seconds.
  path: Assets/Asset/House/interior free.png
  artifactKey: Guid(4d1dfa75a2305dd4db7f589daf3875d8) Importer(815301076,1909f56bfc062723c751e8b465ee728b)
Start importing Assets/Asset/House/interior free.png using Guid(4d1dfa75a2305dd4db7f589daf3875d8) Importer(815301076,1909f56bfc062723c751e8b465ee728b)  -> (artifact id: '25733a071ec22c511892caf4c69bbb9c') in 0.107739 seconds
Number of updated asset objects reloaded before import = 0
Number of asset objects unloaded after import = 20
========================================================================
Received Import Request.
  Time since last request: 70.999808 seconds.
  path: Assets/Asset/House/interior free.png
  artifactKey: Guid(4d1dfa75a2305dd4db7f589daf3875d8) Importer(815301076,1909f56bfc062723c751e8b465ee728b)
Start importing Assets/Asset/House/interior free.png using Guid(4d1dfa75a2305dd4db7f589daf3875d8) Importer(815301076,1909f56bfc062723c751e8b465ee728b)  -> (artifact id: '156cfa6da65cedb07e56bf743cc2fa4f') in 0.119512 seconds
Number of updated asset objects reloaded before import = 0
Number of asset objects unloaded after import = 20
========================================================================
Received Import Request.
  Time since last request: 444.102815 seconds.
  path: Assets/Asset/House/Slice 1.png
  artifactKey: Guid(b0bef51586c430843b4441773b18b4f8) Importer(815301076,1909f56bfc062723c751e8b465ee728b)
Start importing Assets/Asset/House/Slice 1.png using Guid(b0bef51586c430843b4441773b18b4f8) Importer(815301076,1909f56bfc062723c751e8b465ee728b)  -> (artifact id: 'f98881a82c13b860267a159dc9b96ba9') in 0.021840 seconds
Number of updated asset objects reloaded before import = 0
Number of asset objects unloaded after import = 3
========================================================================
Received Import Request.
  Time since last request: 0.000022 seconds.
  path: Assets/Asset/House/Slice 17.png
  artifactKey: Guid(def88704c78482e4fac67d1735f3ed90) Importer(815301076,1909f56bfc062723c751e8b465ee728b)
Start importing Assets/Asset/House/Slice 17.png using Guid(def88704c78482e4fac67d1735f3ed90) Importer(815301076,1909f56bfc062723c751e8b465ee728b)  -> (artifact id: '9ad264ae602c63a0d79278dbc3079f7d') in 0.019400 seconds
Number of updated asset objects reloaded before import = 0
Number of asset objects unloaded after import = 3
========================================================================
Received Import Request.
  Time since last request: 0.000015 seconds.
  path: Assets/Asset/House/Slice 19.png
  artifactKey: Guid(a466d44d69786b848a680dd3aae13129) Importer(815301076,1909f56bfc062723c751e8b465ee728b)
Start importing Assets/Asset/House/Slice 19.png using Guid(a466d44d69786b848a680dd3aae13129) Importer(815301076,1909f56bfc062723c751e8b465ee728b)  -> (artifact id: '506f326706cbecd18bb55094c140c8a1') in 0.016895 seconds
Number of updated asset objects reloaded before import = 0
Number of asset objects unloaded after import = 3
========================================================================
Received Import Request.
  Time since last request: 0.000018 seconds.
  path: Assets/Asset/House/Slice 22.png
  artifactKey: Guid(ad7f6a7b5dd2ff744bd2d45709423c95) Importer(815301076,1909f56bfc062723c751e8b465ee728b)
Start importing Assets/Asset/House/Slice 22.png using Guid(ad7f6a7b5dd2ff744bd2d45709423c95) Importer(815301076,1909f56bfc062723c751e8b465ee728b)  -> (artifact id: '243bdba8a2bebfae840b9c828e90182f') in 0.017220 seconds
Number of updated asset objects reloaded before import = 0
Number of asset objects unloaded after import = 3
========================================================================
Received Import Request.
  Time since last request: 0.000021 seconds.
  path: Assets/Asset/House/Slice 5.png
  artifactKey: Guid(9901eccfc9fb33e43b761b403529b63c) Importer(815301076,1909f56bfc062723c751e8b465ee728b)
Start importing Assets/Asset/House/Slice 5.png using Guid(9901eccfc9fb33e43b761b403529b63c) Importer(815301076,1909f56bfc062723c751e8b465ee728b)  -> (artifact id: '7574b480034472f18ccce50fb07f9efd') in 0.016045 seconds
Number of updated asset objects reloaded before import = 0
Number of asset objects unloaded after import = 3
========================================================================
Received Import Request.
  Time since last request: 0.000056 seconds.
  path: Assets/Asset/House/Slice 8.png
  artifactKey: Guid(d1e1e1c483129804da942c5605a2cb82) Importer(815301076,1909f56bfc062723c751e8b465ee728b)
Start importing Assets/Asset/House/Slice 8.png using Guid(d1e1e1c483129804da942c5605a2cb82) Importer(815301076,1909f56bfc062723c751e8b465ee728b)  -> (artifact id: '95d620d54461dc32cf62fb11eba28662') in 0.017392 seconds
Number of updated asset objects reloaded before import = 0
Number of asset objects unloaded after import = 3
========================================================================
Received Import Request.
  Time since last request: 0.000015 seconds.
  path: Assets/Asset/House/Slice 7.png
  artifactKey: Guid(99f223f7bb2497a40b6e117cddd1b720) Importer(815301076,1909f56bfc062723c751e8b465ee728b)
Start importing Assets/Asset/House/Slice 7.png using Guid(99f223f7bb2497a40b6e117cddd1b720) Importer(815301076,1909f56bfc062723c751e8b465ee728b)  -> (artifact id: 'c8c20e22642326c3840582ed85f6910c') in 0.014955 seconds
Number of updated asset objects reloaded before import = 0
Number of asset objects unloaded after import = 3
========================================================================
Received Import Request.
  Time since last request: 0.000023 seconds.
  path: Assets/Asset/House/Slice 16.png
  artifactKey: Guid(100e611af65120c4c8f25b687aecbbab) Importer(815301076,1909f56bfc062723c751e8b465ee728b)
Start importing Assets/Asset/House/Slice 16.png using Guid(100e611af65120c4c8f25b687aecbbab) Importer(815301076,1909f56bfc062723c751e8b465ee728b)  -> (artifact id: 'f6c32df95a30d1538af0cd7b6e21b465') in 0.012450 seconds
Number of updated asset objects reloaded before import = 0
Number of asset objects unloaded after import = 3
========================================================================
Received Import Request.
  Time since last request: 0.000015 seconds.
  path: Assets/Asset/House/Slice 23.png
  artifactKey: Guid(acfbdba2b72e199418e386433a17b984) Importer(815301076,1909f56bfc062723c751e8b465ee728b)
Start importing Assets/Asset/House/Slice 23.png using Guid(acfbdba2b72e199418e386433a17b984) Importer(815301076,1909f56bfc062723c751e8b465ee728b)  -> (artifact id: 'd5bc263a432d493d00521909f162174c') in 0.011832 seconds
Number of updated asset objects reloaded before import = 0
Number of asset objects unloaded after import = 3
========================================================================
Received Import Request.
  Time since last request: 0.000020 seconds.
  path: Assets/Asset/House/Slice 11.png
  artifactKey: Guid(cbe1c427e387047438d867997b54324e) Importer(815301076,1909f56bfc062723c751e8b465ee728b)
Start importing Assets/Asset/House/Slice 11.png using Guid(cbe1c427e387047438d867997b54324e) Importer(815301076,1909f56bfc062723c751e8b465ee728b)  -> (artifact id: 'e035087091404a7f2b6b4ae9e57d023a') in 0.015150 seconds
Number of updated asset objects reloaded before import = 0
Number of asset objects unloaded after import = 3
========================================================================
Received Import Request.
  Time since last request: 0.000017 seconds.
  path: Assets/Asset/House/Slice 12.png
  artifactKey: Guid(6156cf9764a469f43b3e4b12da67d68a) Importer(815301076,1909f56bfc062723c751e8b465ee728b)
Start importing Assets/Asset/House/Slice 12.png using Guid(6156cf9764a469f43b3e4b12da67d68a) Importer(815301076,1909f56bfc062723c751e8b465ee728b)  -> (artifact id: '8b19ba947e757b213e3326b097985dbc') in 0.017439 seconds
Number of updated asset objects reloaded before import = 0
Number of asset objects unloaded after import = 3
========================================================================
Received Import Request.
  Time since last request: 0.000013 seconds.
  path: Assets/Asset/House/Slice 14.png
  artifactKey: Guid(a99ae4c138135134d809fc6008e3f0ac) Importer(815301076,1909f56bfc062723c751e8b465ee728b)
Start importing Assets/Asset/House/Slice 14.png using Guid(a99ae4c138135134d809fc6008e3f0ac) Importer(815301076,1909f56bfc062723c751e8b465ee728b)  -> (artifact id: 'bd8d116f73ad25614fe86dbe7aa46ae6') in 0.014780 seconds
Number of updated asset objects reloaded before import = 0
Number of asset objects unloaded after import = 3
========================================================================
Received Import Request.
  Time since last request: 0.000017 seconds.
  path: Assets/Asset/House/Slice 15.png
  artifactKey: Guid(76f6f79816d255c478fce8ebba78e142) Importer(815301076,1909f56bfc062723c751e8b465ee728b)
Start importing Assets/Asset/House/Slice 15.png using Guid(76f6f79816d255c478fce8ebba78e142) Importer(815301076,1909f56bfc062723c751e8b465ee728b)  -> (artifact id: '4f501f36ed629d4c2156433dfc695d12') in 0.014785 seconds
Number of updated asset objects reloaded before import = 0
Number of asset objects unloaded after import = 3
========================================================================
Received Import Request.
  Time since last request: 0.000013 seconds.
  path: Assets/Asset/House/Slice 13.png
  artifactKey: Guid(635bb113d0bdab74cba1ce03caf120b5) Importer(815301076,1909f56bfc062723c751e8b465ee728b)
Start importing Assets/Asset/House/Slice 13.png using Guid(635bb113d0bdab74cba1ce03caf120b5) Importer(815301076,1909f56bfc062723c751e8b465ee728b)  -> (artifact id: 'a963b566dd7bbb2dff063756e9870c88') in 0.016252 seconds
Number of updated asset objects reloaded before import = 0
Number of asset objects unloaded after import = 3
========================================================================
Received Import Request.
  Time since last request: 0.000015 seconds.
  path: Assets/Asset/House/Slice 24.png
  artifactKey: Guid(1b655ca73e686bd4f979797f8bf5d86f) Importer(815301076,1909f56bfc062723c751e8b465ee728b)
Start importing Assets/Asset/House/Slice 24.png using Guid(1b655ca73e686bd4f979797f8bf5d86f) Importer(815301076,1909f56bfc062723c751e8b465ee728b)  -> (artifact id: '151707c3926a76cf0c98330fb89aa54e') in 0.016155 seconds
Number of updated asset objects reloaded before import = 0
Number of asset objects unloaded after import = 3
Editor requested this worker to shutdown with reason: Scaling down because of idle timeout
TcpMessagingSession - receive error: operation aborted. errorcode: 995, details: The I/O operation has been aborted because of either a thread exit or an application request.
AssetImportWorker is now disconnected from the server
Process exiting
Exiting without the bug reporter. Application will terminate with return code 0